{"meta": {"format": 3, "version": "7.10.7", "timestamp": "2025-11-06T14:52:32.499747", "branch_coverage": false, "show_contexts": false}, "files": {"app/__init__.py": {"executed_lines": [1, 5], "summary": {"covered_lines": 1, "num_statements": 1, "percent_covered": 100.0, "percent_covered_display": "100", "missing_lines": 0, "excluded_lines": 0}, "missing_lines": [], "excluded_lines": [], "functions": {"": {"executed_lines": [1, 5], "summary": {"covered_lines": 1, "num_statements": 1, "percent_covered": 100.0, "percent_covered_display": "100", "missing_lines": 0, "excluded_lines": 0}, "missing_lines": [], "excluded_lines": []}}, "classes": {"": {"executed_lines": [1, 5], "summary": {"covered_lines": 1, "num_statements": 1, "percent_covered": 100.0, "percent_covered_display": "100", "missing_lines": 0, "excluded_lines": 0}, "missing_lines": [], "excluded_lines": []}}}, "app/celery_app.py": {"executed_lines": [], "summary": {"covered_lines": 0, "num_statements": 34, "percent_covered": 0.0, "percent_covered_display": "0", "missing_lines": 34, "excluded_lines": 0}, "missing_lines": [7, 8, 10, 11, 13, 16, 23, 26, 64, 74, 75, 82, 85, 88, 89, 92, 93, 101, 105, 108, 109, 111, 114, 115, 117, 119, 130, 131, 135, 137, 147, 148, 152, 154], "excluded_lines": [], "functions": {"setup_log_rotation": {"executed_lines": [], "summary": {"covered_lines": 0, "num_statements": 11, "percent_covered": 0.0, "percent_covered_display": "0", "missing_lines": 11, "excluded_lines": 0}, "missing_lines": [82, 85, 88, 89, 92, 93, 101, 105, 108, 109, 111], "excluded_lines": []}, "task_prerun_handler": {"executed_lines": [], "summary": {"covered_lines": 0, "num_statements": 2, "percent_covered": 0.0, "percent_covered_display": "0", "missing_lines": 2, "excluded_lines": 0}, "missing_lines": [117, 119], "excluded_lines": []}, "task_postrun_handler": {"executed_lines": [], "summary": {"covered_lines": 0, "num_statements": 2, "percent_covered": 0.0, "percent_covered_display": "0", "missing_lines": 2, "excluded_lines": 0}, "missing_lines": [135, 137], "excluded_lines": []}, "task_failure_handler": {"executed_lines": [], "summary": {"covered_lines": 0, "num_statements": 2, "percent_covered": 0.0, "percent_covered_display": "0", "missing_lines": 2, "excluded_lines": 0}, "missing_lines": [152, 154], "excluded_lines": []}, "": {"executed_lines": [], "summary": {"covered_lines": 0, "num_statements": 17, "percent_covered": 0.0, "percent_covered_display": "0", "missing_lines": 17, "excluded_lines": 0}, "missing_lines": [7, 8, 10, 11, 13, 16, 23, 26, 64, 74, 75, 114, 115, 130, 131, 147, 148], "excluded_lines": []}}, "classes": {"": {"executed_lines": [], "summary": {"covered_lines": 0, "num_statements": 34, "percent_covered": 0.0, "percent_covered_display": "0", "missing_lines": 34, "excluded_lines": 0}, "missing_lines": [7, 8, 10, 11, 13, 16, 23, 26, 64, 74, 75, 82, 85, 88, 89, 92, 93, 101, 105, 108, 109, 111, 114, 115, 117, 119, 130, 131, 135, 137, 147, 148, 152, 154], "excluded_lines": []}}}, "app/celery_signals.py": {"executed_lines": [], "summary": {"covered_lines": 0, "num_statements": 10, "percent_covered": 0.0, "percent_covered_display": "0", "missing_lines": 10, "excluded_lines": 0}, "missing_lines": [6, 7, 10, 11, 13, 15, 22, 24, 25, 26], "excluded_lines": [], "functions": {"handle_worker_shutdown": {"executed_lines": [], "summary": {"covered_lines": 0, "num_statements": 6, "percent_covered": 0.0, "percent_covered_display": "0", "missing_lines": 6, "excluded_lines": 0}, "missing_lines": [13, 15, 22, 24, 25, 26], "excluded_lines": []}, "": {"executed_lines": [], "summary": {"covered_lines": 0, "num_statements": 4, "percent_covered": 0.0, "percent_covered_display": "0", "missing_lines": 4, "excluded_lines": 0}, "missing_lines": [6, 7, 10, 11], "excluded_lines": []}}, "classes": {"": {"executed_lines": [], "summary": {"covered_lines": 0, "num_statements": 10, "percent_covered": 0.0, "percent_covered_display": "0", "missing_lines": 10, "excluded_lines": 0}, "missing_lines": [6, 7, 10, 11, 13, 15, 22, 24, 25, 26], "excluded_lines": []}}}, "app/config.py": {"executed_lines": [1, 5, 6, 7, 8, 9, 10, 13, 14, 17, 18, 19, 20, 23, 24, 28, 33, 34, 35, 36, 37, 40, 43, 47, 53, 59, 60, 63, 69, 70, 73, 74, 75, 76, 77, 79, 82, 83, 86, 87, 88, 89, 90, 91, 92, 93, 94, 96, 97, 98, 101, 104, 105, 106, 107, 110, 116, 122, 124, 125, 126, 129, 132, 140, 147, 158, 160, 227, 228, 229, 232, 233, 238, 242], "summary": {"covered_lines": 72, "num_statements": 108, "percent_covered": 66.66666666666667, "percent_covered_display": "67", "missing_lines": 36, "excluded_lines": 0}, "missing_lines": [111, 117, 141, 148, 149, 155, 156, 170, 173, 174, 175, 176, 182, 183, 186, 187, 189, 190, 192, 193, 196, 197, 204, 205, 206, 207, 210, 211, 212, 214, 215, 217, 218, 223, 224, 225], "excluded_lines": [], "functions": {"Settings.validate_database_url": {"executed_lines": [101, 104, 105, 106, 107, 110, 116, 122], "summary": {"covered_lines": 8, "num_statements": 10, "percent_covered": 80.0, "percent_covered_display": "80", "missing_lines": 2, "excluded_lines": 0}, "missing_lines": [111, 117], "excluded_lines": []}, "Settings.validate_secret_key": {"executed_lines": [129, 132, 140, 147, 158], "summary": {"covered_lines": 5, "num_statements": 10, "percent_covered": 50.0, "percent_covered_display": "50", "missing_lines": 5, "excluded_lines": 0}, "missing_lines": [141, 148, 149, 155, 156], "excluded_lines": []}, "Settings.validate_required_vars": {"executed_lines": [], "summary": {"covered_lines": 0, "num_statements": 29, "percent_covered": 0.0, "percent_covered_display": "0", "missing_lines": 29, "excluded_lines": 0}, "missing_lines": [170, 173, 174, 175, 176, 182, 183, 186, 187, 189, 190, 192, 193, 196, 197, 204, 205, 206, 207, 210, 211, 212, 214, 215, 217, 218, 223, 224, 225], "excluded_lines": []}, "get_settings": {"executed_lines": [238], "summary": {"covered_lines": 1, "num_statements": 1, "percent_covered": 100.0, "percent_covered_display": "100", "missing_lines": 0, "excluded_lines": 0}, "missing_lines": [], "excluded_lines": []}, "": {"executed_lines": [1, 5, 6, 7, 8, 9, 10, 13, 14, 17, 18, 19, 20, 23, 24, 28, 33, 34, 35, 36, 37, 40, 43, 47, 53, 59, 60, 63, 69, 70, 73, 74, 75, 76, 77, 79, 82, 83, 86, 87, 88, 89, 90, 91, 92, 93, 94, 96, 97, 98, 124, 125, 126, 160, 227, 228, 229, 232, 233, 242], "summary": {"covered_lines": 58, "num_statements": 58, "percent_covered": 100.0, "percent_covered_display": "100", "missing_lines": 0, "excluded_lines": 0}, "missing_lines": [], "excluded_lines": []}}, "classes": {"Settings": {"executed_lines": [101, 104, 105, 106, 107, 110, 116, 122, 129, 132, 140, 147, 158], "summary": {"covered_lines": 13, "num_statements": 49, "percent_covered": 26.53061224489796, "percent_covered_display": "27", "missing_lines": 36, "excluded_lines": 0}, "missing_lines": [111, 117, 141, 148, 149, 155, 156, 170, 173, 174, 175, 176, 182, 183, 186, 187, 189, 190, 192, 193, 196, 197, 204, 205, 206, 207, 210, 211, 212, 214, 215, 217, 218, 223, 224, 225], "excluded_lines": []}, "Settings.Config": {"executed_lines": [], "summary": {"covered_lines": 0, "num_statements": 0, "percent_covered": 100.0, "percent_covered_display": "100", "missing_lines": 0, "excluded_lines": 0}, "missing_lines": [], "excluded_lines": []}, "": {"executed_lines": [1, 5, 6, 7, 8, 9, 10, 13, 14, 17, 18, 19, 20, 23, 24, 28, 33, 34, 35, 36, 37, 40, 43, 47, 53, 59, 60, 63, 69, 70, 73, 74, 75, 76, 77, 79, 82, 83, 86, 87, 88, 89, 90, 91, 92, 93, 94, 96, 97, 98, 124, 125, 126, 160, 227, 228, 229, 232, 233, 238, 242], "summary": {"covered_lines": 59, "num_statements": 59, "percent_covered": 100.0, "percent_covered_display": "100", "missing_lines": 0, "excluded_lines": 0}, "missing_lines": [], "excluded_lines": []}}}, "app/database/__init__.py": {"executed_lines": [1, 11, 12, 15, 25], "summary": {"covered_lines": 4, "num_statements": 4, "percent_covered": 100.0, "percent_covered_display": "100", "missing_lines": 0, "excluded_lines": 0}, "missing_lines": [], "excluded_lines": [], "functions": {"": {"executed_lines": [1, 11, 12, 15, 25], "summary": {"covered_lines": 4, "num_statements": 4, "percent_covered": 100.0, "percent_covered_display": "100", "missing_lines": 0, "excluded_lines": 0}, "missing_lines": [], "excluded_lines": []}}, "classes": {"": {"executed_lines": [1, 11, 12, 15, 25], "summary": {"covered_lines": 4, "num_statements": 4, "percent_covered": 100.0, "percent_covered_display": "100", "missing_lines": 0, "excluded_lines": 0}, "missing_lines": [], "excluded_lines": []}}}, "app/database/base.py": {"executed_lines": [1, 5, 6, 7, 9, 10, 13, 14, 17, 22, 23, 25, 32, 41, 42, 44, 53, 60, 61, 63, 69, 76, 77, 79, 80, 82, 90, 91, 99, 101, 105], "summary": {"covered_lines": 24, "num_statements": 26, "percent_covered": 92.3076923076923, "percent_covered_display": "92", "missing_lines": 2, "excluded_lines": 0}, "missing_lines": [103, 107], "excluded_lines": [], "functions": {"UUIDMixin.id": {"executed_lines": [82], "summary": {"covered_lines": 1, "num_statements": 1, "percent_covered": 100.0, "percent_covered_display": "100", "missing_lines": 0, "excluded_lines": 0}, "missing_lines": [], "excluded_lines": []}, "BaseDBModel.__repr__": {"executed_lines": [], "summary": {"covered_lines": 0, "num_statements": 1, "percent_covered": 0.0, "percent_covered_display": "0", "missing_lines": 1, "excluded_lines": 0}, "missing_lines": [103], "excluded_lines": []}, "BaseDBModel.to_dict": {"executed_lines": [], "summary": {"covered_lines": 0, "num_statements": 1, "percent_covered": 0.0, "percent_covered_display": "0", "missing_lines": 1, "excluded_lines": 0}, "missing_lines": [107], "excluded_lines": []}, "": {"executed_lines": [1, 5, 6, 7, 9, 10, 13, 14, 17, 22, 23, 25, 32, 41, 42, 44, 53, 60, 61, 63, 69, 76, 77, 79, 80, 90, 91, 99, 101, 105], "summary": {"covered_lines": 23, "num_statements": 23, "percent_covered": 100.0, "percent_covered_display": "100", "missing_lines": 0, "excluded_lines": 0}, "missing_lines": [], "excluded_lines": []}}, "classes": {"Base": {"executed_lines": [], "summary": {"covered_lines": 0, "num_statements": 0, "percent_covered": 100.0, "percent_covered_display": "100", "missing_lines": 0, "excluded_lines": 0}, "missing_lines": [], "excluded_lines": []}, "TimestampMixin": {"executed_lines": [], "summary": {"covered_lines": 0, "num_statements": 0, "percent_covered": 100.0, "percent_covered_display": "100", "missing_lines": 0, "excluded_lines": 0}, "missing_lines": [], "excluded_lines": []}, "SoftDeleteMixin": {"executed_lines": [], "summary": {"covered_lines": 0, "num_statements": 0, "percent_covered": 100.0, "percent_covered_display": "100", "missing_lines": 0, "excluded_lines": 0}, "missing_lines": [], "excluded_lines": []}, "AuditMixin": {"executed_lines": [], "summary": {"covered_lines": 0, "num_statements": 0, "percent_covered": 100.0, "percent_covered_display": "100", "missing_lines": 0, "excluded_lines": 0}, "missing_lines": [], "excluded_lines": []}, "UUIDMixin": {"executed_lines": [82], "summary": {"covered_lines": 1, "num_statements": 1, "percent_covered": 100.0, "percent_covered_display": "100", "missing_lines": 0, "excluded_lines": 0}, "missing_lines": [], "excluded_lines": []}, "BaseDBModel": {"executed_lines": [], "summary": {"covered_lines": 0, "num_statements": 2, "percent_covered": 0.0, "percent_covered_display": "0", "missing_lines": 2, "excluded_lines": 0}, "missing_lines": [103, 107], "excluded_lines": []}, "": {"executed_lines": [1, 5, 6, 7, 9, 10, 13, 14, 17, 22, 23, 25, 32, 41, 42, 44, 53, 60, 61, 63, 69, 76, 77, 79, 80, 90, 91, 99, 101, 105], "summary": {"covered_lines": 23, "num_statements": 23, "percent_covered": 100.0, "percent_covered_display": "100", "missing_lines": 0, "excluded_lines": 0}, "missing_lines": [], "excluded_lines": []}}}, "app/database/init_db.py": {"executed_lines": [], "summary": {"covered_lines": 0, "num_statements": 50, "percent_covered": 0.0, "percent_covered_display": "0", "missing_lines": 50, "excluded_lines": 0}, "missing_lines": [8, 9, 11, 14, 23, 24, 27, 30, 32, 34, 35, 36, 38, 41, 47, 48, 51, 54, 56, 58, 59, 60, 62, 65, 71, 72, 75, 78, 79, 82, 83, 85, 87, 88, 89, 91, 94, 95, 97, 98, 100, 101, 102, 103, 104, 105, 107, 108, 109, 112], "excluded_lines": [], "functions": {"init_database": {"executed_lines": [], "summary": {"covered_lines": 0, "num_statements": 9, "percent_covered": 0.0, "percent_covered_display": "0", "missing_lines": 9, "excluded_lines": 0}, "missing_lines": [23, 24, 27, 30, 32, 34, 35, 36, 38], "excluded_lines": []}, "drop_database": {"executed_lines": [], "summary": {"covered_lines": 0, "num_statements": 9, "percent_covered": 0.0, "percent_covered_display": "0", "missing_lines": 9, "excluded_lines": 0}, "missing_lines": [47, 48, 51, 54, 56, 58, 59, 60, 62], "excluded_lines": []}, "reset_database": {"executed_lines": [], "summary": {"covered_lines": 0, "num_statements": 12, "percent_covered": 0.0, "percent_covered_display": "0", "missing_lines": 12, "excluded_lines": 0}, "missing_lines": [71, 72, 75, 78, 79, 82, 83, 85, 87, 88, 89, 91], "excluded_lines": []}, "": {"executed_lines": [], "summary": {"covered_lines": 0, "num_statements": 20, "percent_covered": 0.0, "percent_covered_display": "0", "missing_lines": 20, "excluded_lines": 0}, "missing_lines": [8, 9, 11, 14, 41, 65, 94, 95, 97, 98, 100, 101, 102, 103, 104, 105, 107, 108, 109, 112], "excluded_lines": []}}, "classes": {"": {"executed_lines": [], "summary": {"covered_lines": 0, "num_statements": 50, "percent_covered": 0.0, "percent_covered_display": "0", "missing_lines": 50, "excluded_lines": 0}, "missing_lines": [8, 9, 11, 14, 23, 24, 27, 30, 32, 34, 35, 36, 38, 41, 47, 48, 51, 54, 56, 58, 59, 60, 62, 65, 71, 72, 75, 78, 79, 82, 83, 85, 87, 88, 89, 91, 94, 95, 97, 98, 100, 101, 102, 103, 104, 105, 107, 108, 109, 112], "excluded_lines": []}}}, "app/database/models/__init__.py": {"executed_lines": [1, 7, 8, 9, 10, 11, 22, 33, 48], "summary": {"covered_lines": 8, "num_statements": 8, "percent_covered": 100.0, "percent_covered_display": "100", "missing_lines": 0, "excluded_lines": 0}, "missing_lines": [], "excluded_lines": [], "functions": {"": {"executed_lines": [1, 7, 8, 9, 10, 11, 22, 33, 48], "summary": {"covered_lines": 8, "num_statements": 8, "percent_covered": 100.0, "percent_covered_display": "100", "missing_lines": 0, "excluded_lines": 0}, "missing_lines": [], "excluded_lines": []}}, "classes": {"": {"executed_lines": [1, 7, 8, 9, 10, 11, 22, 33, 48], "summary": {"covered_lines": 8, "num_statements": 8, "percent_covered": 100.0, "percent_covered_display": "100", "missing_lines": 0, "excluded_lines": 0}, "missing_lines": [], "excluded_lines": []}}}, "app/database/models/chart.py": {"executed_lines": [1, 5, 6, 8, 9, 11, 13, 17, 18, 19, 20, 21, 22, 23, 26, 27, 34, 37, 44, 52, 61, 69, 76, 83, 96], "summary": {"covered_lines": 21, "num_statements": 22, "percent_covered": 95.45454545454545, "percent_covered_display": "95", "missing_lines": 1, "excluded_lines": 2}, "missing_lines": [97], "excluded_lines": [13, 14], "functions": {"ChartConfig.__repr__": {"executed_lines": [], "summary": {"covered_lines": 0, "num_statements": 1, "percent_covered": 0.0, "percent_covered_display": "0", "missing_lines": 1, "excluded_lines": 0}, "missing_lines": [97], "excluded_lines": []}, "": {"executed_lines": [1, 5, 6, 8, 9, 11, 13, 17, 18, 19, 20, 21, 22, 23, 26, 27, 34, 37, 44, 52, 61, 69, 76, 83, 96], "summary": {"covered_lines": 21, "num_statements": 21, "percent_covered": 100.0, "percent_covered_display": "100", "missing_lines": 0, "excluded_lines": 2}, "missing_lines": [], "excluded_lines": [13, 14]}}, "classes": {"ChartType": {"executed_lines": [], "summary": {"covered_lines": 0, "num_statements": 0, "percent_covered": 100.0, "percent_covered_display": "100", "missing_lines": 0, "excluded_lines": 0}, "missing_lines": [], "excluded_lines": []}, "ChartConfig": {"executed_lines": [], "summary": {"covered_lines": 0, "num_statements": 1, "percent_covered": 0.0, "percent_covered_display": "0", "missing_lines": 1, "excluded_lines": 0}, "missing_lines": [97], "excluded_lines": []}, "": {"executed_lines": [1, 5, 6, 8, 9, 11, 13, 17, 18, 19, 20, 21, 22, 23, 26, 27, 34, 37, 44, 52, 61, 69, 76, 83, 96], "summary": {"covered_lines": 21, "num_statements": 21, "percent_covered": 100.0, "percent_covered_display": "100", "missing_lines": 0, "excluded_lines": 2}, "missing_lines": [], "excluded_lines": [13, 14]}}}, "app/database/models/dataset.py": {"executed_lines": [1, 5, 6, 8, 9, 11, 13, 17, 18, 19, 20, 21, 24, 25, 26, 27, 28, 31, 32, 39, 42, 49, 56, 62, 71, 80, 87, 96, 105, 118], "summary": {"covered_lines": 25, "num_statements": 26, "percent_covered": 96.15384615384616, "percent_covered_display": "96", "missing_lines": 1, "excluded_lines": 2}, "missing_lines": [119], "excluded_lines": [13, 14], "functions": {"Dataset.__repr__": {"executed_lines": [], "summary": {"covered_lines": 0, "num_statements": 1, "percent_covered": 0.0, "percent_covered_display": "0", "missing_lines": 1, "excluded_lines": 0}, "missing_lines": [119], "excluded_lines": []}, "": {"executed_lines": [1, 5, 6, 8, 9, 11, 13, 17, 18, 19, 20, 21, 24, 25, 26, 27, 28, 31, 32, 39, 42, 49, 56, 62, 71, 80, 87, 96, 105, 118], "summary": {"covered_lines": 25, "num_statements": 25, "percent_covered": 100.0, "percent_covered_display": "100", "missing_lines": 0, "excluded_lines": 2}, "missing_lines": [], "excluded_lines": [13, 14]}}, "classes": {"DataSource": {"executed_lines": [], "summary": {"covered_lines": 0, "num_statements": 0, "percent_covered": 100.0, "percent_covered_display": "100", "missing_lines": 0, "excluded_lines": 0}, "missing_lines": [], "excluded_lines": []}, "DatasetStatus": {"executed_lines": [], "summary": {"covered_lines": 0, "num_statements": 0, "percent_covered": 100.0, "percent_covered_display": "100", "missing_lines": 0, "excluded_lines": 0}, "missing_lines": [], "excluded_lines": []}, "Dataset": {"executed_lines": [], "summary": {"covered_lines": 0, "num_statements": 1, "percent_covered": 0.0, "percent_covered_display": "0", "missing_lines": 1, "excluded_lines": 0}, "missing_lines": [119], "excluded_lines": []}, "": {"executed_lines": [1, 5, 6, 8, 9, 11, 13, 17, 18, 19, 20, 21, 24, 25, 26, 27, 28, 31, 32, 39, 42, 49, 56, 62, 71, 80, 87, 96, 105, 118], "summary": {"covered_lines": 25, "num_statements": 25, "percent_covered": 100.0, "percent_covered_display": "100", "missing_lines": 0, "excluded_lines": 2}, "missing_lines": [], "excluded_lines": [13, 14]}}}, "app/database/models/import_task.py": {"executed_lines": [1, 7, 8, 10, 11, 13, 15, 19, 20, 21, 22, 23, 24, 25, 26, 27, 30, 31, 32, 33, 34, 35, 38, 39, 46, 49, 56, 63, 73, 79, 85, 93, 100, 107, 115, 122, 129, 135, 142, 149, 157, 166, 173, 189, 195], "summary": {"covered_lines": 40, "num_statements": 44, "percent_covered": 90.9090909090909, "percent_covered_display": "91", "missing_lines": 4, "excluded_lines": 2}, "missing_lines": [190, 203, 204, 205], "excluded_lines": [15, 16], "functions": {"ImportTask.__repr__": {"executed_lines": [], "summary": {"covered_lines": 0, "num_statements": 1, "percent_covered": 0.0, "percent_covered_display": "0", "missing_lines": 1, "excluded_lines": 0}, "missing_lines": [190], "excluded_lines": []}, "ImportTask.update_progress": {"executed_lines": [], "summary": {"covered_lines": 0, "num_statements": 3, "percent_covered": 0.0, "percent_covered_display": "0", "missing_lines": 3, "excluded_lines": 0}, "missing_lines": [203, 204, 205], "excluded_lines": []}, "": {"executed_lines": [1, 7, 8, 10, 11, 13, 15, 19, 20, 21, 22, 23, 24, 25, 26, 27, 30, 31, 32, 33, 34, 35, 38, 39, 46, 49, 56, 63, 73, 79, 85, 93, 100, 107, 115, 122, 129, 135, 142, 149, 157, 166, 173, 189, 195], "summary": {"covered_lines": 40, "num_statements": 40, "percent_covered": 100.0, "percent_covered_display": "100", "missing_lines": 0, "excluded_lines": 2}, "missing_lines": [], "excluded_lines": [15, 16]}}, "classes": {"ImportStatus": {"executed_lines": [], "summary": {"covered_lines": 0, "num_statements": 0, "percent_covered": 100.0, "percent_covered_display": "100", "missing_lines": 0, "excluded_lines": 0}, "missing_lines": [], "excluded_lines": []}, "ImportType": {"executed_lines": [], "summary": {"covered_lines": 0, "num_statements": 0, "percent_covered": 100.0, "percent_covered_display": "100", "missing_lines": 0, "excluded_lines": 0}, "missing_lines": [], "excluded_lines": []}, "ImportTask": {"executed_lines": [], "summary": {"covered_lines": 0, "num_statements": 4, "percent_covered": 0.0, "percent_covered_display": "0", "missing_lines": 4, "excluded_lines": 0}, "missing_lines": [190, 203, 204, 205], "excluded_lines": []}, "": {"executed_lines": [1, 7, 8, 10, 11, 13, 15, 19, 20, 21, 22, 23, 24, 25, 26, 27, 30, 31, 32, 33, 34, 35, 38, 39, 46, 49, 56, 63, 73, 79, 85, 93, 100, 107, 115, 122, 129, 135, 142, 149, 157, 166, 173, 189, 195], "summary": {"covered_lines": 40, "num_statements": 40, "percent_covered": 100.0, "percent_covered_display": "100", "missing_lines": 0, "excluded_lines": 2}, "missing_lines": [], "excluded_lines": [15, 16]}}}, "app/database/models/indicator.py": {"executed_lines": [1, 12, 13, 14, 16, 20, 22, 27, 28, 29, 30, 31, 32, 33, 34, 35, 36, 39, 40, 41, 42, 43, 44, 47, 48, 49, 50, 51, 52, 53, 54, 57, 58, 59, 60, 61, 64, 65, 66, 67, 68, 69, 72, 73, 74, 75, 76, 77, 78, 81, 82, 83, 84, 87, 88, 89, 90, 95, 96, 102, 105, 112, 117, 122, 128, 136, 141, 148, 153, 158, 165, 172, 180, 189, 194, 201, 207, 213, 214, 220, 223, 228, 235, 240, 248, 257, 264, 272, 280, 284, 290, 297, 306, 315, 322, 327, 332, 339, 346, 352, 353, 359, 362, 371, 377, 384, 391, 395, 401, 406, 413, 420, 425, 431, 432, 437, 440, 446, 455, 462, 472, 479, 485, 490, 497, 502], "summary": {"covered_lines": 113, "num_statements": 113, "percent_covered": 100.0, "percent_covered_display": "100", "missing_lines": 0, "excluded_lines": 0}, "missing_lines": [], "excluded_lines": [], "functions": {"": {"executed_lines": [1, 12, 13, 14, 16, 20, 22, 27, 28, 29, 30, 31, 32, 33, 34, 35, 36, 39, 40, 41, 42, 43, 44, 47, 48, 49, 50, 51, 52, 53, 54, 57, 58, 59, 60, 61, 64, 65, 66, 67, 68, 69, 72, 73, 74, 75, 76, 77, 78, 81, 82, 83, 84, 87, 88, 89, 90, 95, 96, 102, 105, 112, 117, 122, 128, 136, 141, 148, 153, 158, 165, 172, 180, 189, 194, 201, 207, 213, 214, 220, 223, 228, 235, 240, 248, 257, 264, 272, 280, 284, 290, 297, 306, 315, 322, 327, 332, 339, 346, 352, 353, 359, 362, 371, 377, 384, 391, 395, 401, 406, 413, 420, 425, 431, 432, 437, 440, 446, 455, 462, 472, 479, 485, 490, 497, 502], "summary": {"covered_lines": 113, "num_statements": 113, "percent_covered": 100.0, "percent_covered_display": "100", "missing_lines": 0, "excluded_lines": 0}, "missing_lines": [], "excluded_lines": []}}, "classes": {"IndicatorCategory": {"executed_lines": [], "summary": {"covered_lines": 0, "num_statements": 0, "percent_covered": 100.0, "percent_covered_display": "100", "missing_lines": 0, "excluded_lines": 0}, "missing_lines": [], "excluded_lines": []}, "IndicatorSource": {"executed_lines": [], "summary": {"covered_lines": 0, "num_statements": 0, "percent_covered": 100.0, "percent_covered_display": "100", "missing_lines": 0, "excluded_lines": 0}, "missing_lines": [], "excluded_lines": []}, "ParameterType": {"executed_lines": [], "summary": {"covered_lines": 0, "num_statements": 0, "percent_covered": 100.0, "percent_covered_display": "100", "missing_lines": 0, "excluded_lines": 0}, "missing_lines": [], "excluded_lines": []}, "FactorStatus": {"executed_lines": [], "summary": {"covered_lines": 0, "num_statements": 0, "percent_covered": 100.0, "percent_covered_display": "100", "missing_lines": 0, "excluded_lines": 0}, "missing_lines": [], "excluded_lines": []}, "ValidationStatus": {"executed_lines": [], "summary": {"covered_lines": 0, "num_statements": 0, "percent_covered": 100.0, "percent_covered_display": "100", "missing_lines": 0, "excluded_lines": 0}, "missing_lines": [], "excluded_lines": []}, "ValidationType": {"executed_lines": [], "summary": {"covered_lines": 0, "num_statements": 0, "percent_covered": 100.0, "percent_covered_display": "100", "missing_lines": 0, "excluded_lines": 0}, "missing_lines": [], "excluded_lines": []}, "FormulaLanguage": {"executed_lines": [], "summary": {"covered_lines": 0, "num_statements": 0, "percent_covered": 100.0, "percent_covered_display": "100", "missing_lines": 0, "excluded_lines": 0}, "missing_lines": [], "excluded_lines": []}, "LibraryItemStatus": {"executed_lines": [], "summary": {"covered_lines": 0, "num_statements": 0, "percent_covered": 100.0, "percent_covered_display": "100", "missing_lines": 0, "excluded_lines": 0}, "missing_lines": [], "excluded_lines": []}, "IndicatorComponent": {"executed_lines": [], "summary": {"covered_lines": 0, "num_statements": 0, "percent_covered": 100.0, "percent_covered_display": "100", "missing_lines": 0, "excluded_lines": 0}, "missing_lines": [], "excluded_lines": []}, "CustomFactor": {"executed_lines": [], "summary": {"covered_lines": 0, "num_statements": 0, "percent_covered": 100.0, "percent_covered_display": "100", "missing_lines": 0, "excluded_lines": 0}, "missing_lines": [], "excluded_lines": []}, "FactorValidationResult": {"executed_lines": [], "summary": {"covered_lines": 0, "num_statements": 0, "percent_covered": 100.0, "percent_covered_display": "100", "missing_lines": 0, "excluded_lines": 0}, "missing_lines": [], "excluded_lines": []}, "UserFactorLibrary": {"executed_lines": [], "summary": {"covered_lines": 0, "num_statements": 0, "percent_covered": 100.0, "percent_covered_display": "100", "missing_lines": 0, "excluded_lines": 0}, "missing_lines": [], "excluded_lines": []}, "": {"executed_lines": [1, 12, 13, 14, 16, 20, 22, 27, 28, 29, 30, 31, 32, 33, 34, 35, 36, 39, 40, 41, 42, 43, 44, 47, 48, 49, 50, 51, 52, 53, 54, 57, 58, 59, 60, 61, 64, 65, 66, 67, 68, 69, 72, 73, 74, 75, 76, 77, 78, 81, 82, 83, 84, 87, 88, 89, 90, 95, 96, 102, 105, 112, 117, 122, 128, 136, 141, 148, 153, 158, 165, 172, 180, 189, 194, 201, 207, 213, 214, 220, 223, 228, 235, 240, 248, 257, 264, 272, 280, 284, 290, 297, 306, 315, 322, 327, 332, 339, 346, 352, 353, 359, 362, 371, 377, 384, 391, 395, 401, 406, 413, 420, 425, 431, 432, 437, 440, 446, 455, 462, 472, 479, 485, 490, 497, 502], "summary": {"covered_lines": 113, "num_statements": 113, "percent_covered": 100.0, "percent_covered_display": "100", "missing_lines": 0, "excluded_lines": 0}, "missing_lines": [], "excluded_lines": []}}}, "app/database/models/preprocessing.py": {"executed_lines": [1, 7, 8, 10, 14, 16, 18, 24, 25, 26, 27, 28, 29, 30, 31, 32, 35, 36, 37, 38, 39, 40, 43, 44, 45, 46, 47, 48, 49, 52, 53, 54, 55, 56, 57, 58, 59, 60, 63, 64, 65, 66, 67, 68, 69, 70, 71, 72, 73, 74, 75, 76, 77, 78, 81, 82, 83, 84, 85, 86, 89, 90, 91, 92, 93, 94, 95, 96, 101, 102, 113, 116, 123, 129, 137, 146, 159, 168, 177, 186, 195, 201, 210, 235, 242, 243, 253, 256, 263, 273, 281, 290, 300, 308, 316, 324, 333, 341, 349, 358, 366, 374, 382, 388, 395, 402, 410, 416, 423, 430, 456, 462], "summary": {"covered_lines": 101, "num_statements": 106, "percent_covered": 95.28301886792453, "percent_covered_display": "95", "missing_lines": 5, "excluded_lines": 2}, "missing_lines": [236, 457, 470, 471, 472], "excluded_lines": [18, 19], "functions": {"DataPreprocessingRule.__repr__": {"executed_lines": [], "summary": {"covered_lines": 0, "num_statements": 1, "percent_covered": 0.0, "percent_covered_display": "0", "missing_lines": 1, "excluded_lines": 0}, "missing_lines": [236], "excluded_lines": []}, "DataPreprocessingTask.__repr__": {"executed_lines": [], "summary": {"covered_lines": 0, "num_statements": 1, "percent_covered": 0.0, "percent_covered_display": "0", "missing_lines": 1, "excluded_lines": 0}, "missing_lines": [457], "excluded_lines": []}, "DataPreprocessingTask.update_progress": {"executed_lines": [], "summary": {"covered_lines": 0, "num_statements": 3, "percent_covered": 0.0, "percent_covered_display": "0", "missing_lines": 3, "excluded_lines": 0}, "missing_lines": [470, 471, 472], "excluded_lines": []}, "": {"executed_lines": [1, 7, 8, 10, 14, 16, 18, 24, 25, 26, 27, 28, 29, 30, 31, 32, 35, 36, 37, 38, 39, 40, 43, 44, 45, 46, 47, 48, 49, 52, 53, 54, 55, 56, 57, 58, 59, 60, 63, 64, 65, 66, 67, 68, 69, 70, 71, 72, 73, 74, 75, 76, 77, 78, 81, 82, 83, 84, 85, 86, 89, 90, 91, 92, 93, 94, 95, 96, 101, 102, 113, 116, 123, 129, 137, 146, 159, 168, 177, 186, 195, 201, 210, 235, 242, 243, 253, 256, 263, 273, 281, 290, 300, 308, 316, 324, 333, 341, 349, 358, 366, 374, 382, 388, 395, 402, 410, 416, 423, 430, 456, 462], "summary": {"covered_lines": 101, "num_statements": 101, "percent_covered": 100.0, "percent_covered_display": "100", "missing_lines": 0, "excluded_lines": 2}, "missing_lines": [], "excluded_lines": [18, 19]}}, "classes": {"MissingValueMethod": {"executed_lines": [], "summary": {"covered_lines": 0, "num_statements": 0, "percent_covered": 100.0, "percent_covered_display": "100", "missing_lines": 0, "excluded_lines": 0}, "missing_lines": [], "excluded_lines": []}, "OutlierDetectionMethod": {"executed_lines": [], "summary": {"covered_lines": 0, "num_statements": 0, "percent_covered": 100.0, "percent_covered_display": "100", "missing_lines": 0, "excluded_lines": 0}, "missing_lines": [], "excluded_lines": []}, "OutlierHandlingStrategy": {"executed_lines": [], "summary": {"covered_lines": 0, "num_statements": 0, "percent_covered": 100.0, "percent_covered_display": "100", "missing_lines": 0, "excluded_lines": 0}, "missing_lines": [], "excluded_lines": []}, "TransformationType": {"executed_lines": [], "summary": {"covered_lines": 0, "num_statements": 0, "percent_covered": 100.0, "percent_covered_display": "100", "missing_lines": 0, "excluded_lines": 0}, "missing_lines": [], "excluded_lines": []}, "FilterOperator": {"executed_lines": [], "summary": {"covered_lines": 0, "num_statements": 0, "percent_covered": 100.0, "percent_covered_display": "100", "missing_lines": 0, "excluded_lines": 0}, "missing_lines": [], "excluded_lines": []}, "PreprocessingRuleType": {"executed_lines": [], "summary": {"covered_lines": 0, "num_statements": 0, "percent_covered": 100.0, "percent_covered_display": "100", "missing_lines": 0, "excluded_lines": 0}, "missing_lines": [], "excluded_lines": []}, "PreprocessingTaskStatus": {"executed_lines": [], "summary": {"covered_lines": 0, "num_statements": 0, "percent_covered": 100.0, "percent_covered_display": "100", "missing_lines": 0, "excluded_lines": 0}, "missing_lines": [], "excluded_lines": []}, "DataPreprocessingRule": {"executed_lines": [], "summary": {"covered_lines": 0, "num_statements": 1, "percent_covered": 0.0, "percent_covered_display": "0", "missing_lines": 1, "excluded_lines": 0}, "missing_lines": [236], "excluded_lines": []}, "DataPreprocessingTask": {"executed_lines": [], "summary": {"covered_lines": 0, "num_statements": 4, "percent_covered": 0.0, "percent_covered_display": "0", "missing_lines": 4, "excluded_lines": 0}, "missing_lines": [457, 470, 471, 472], "excluded_lines": []}, "": {"executed_lines": [1, 7, 8, 10, 14, 16, 18, 24, 25, 26, 27, 28, 29, 30, 31, 32, 35, 36, 37, 38, 39, 40, 43, 44, 45, 46, 47, 48, 49, 52, 53, 54, 55, 56, 57, 58, 59, 60, 63, 64, 65, 66, 67, 68, 69, 70, 71, 72, 73, 74, 75, 76, 77, 78, 81, 82, 83, 84, 85, 86, 89, 90, 91, 92, 93, 94, 95, 96, 101, 102, 113, 116, 123, 129, 137, 146, 159, 168, 177, 186, 195, 201, 210, 235, 242, 243, 253, 256, 263, 273, 281, 290, 300, 308, 316, 324, 333, 341, 349, 358, 366, 374, 382, 388, 395, 402, 410, 416, 423, 430, 456, 462], "summary": {"covered_lines": 101, "num_statements": 101, "percent_covered": 100.0, "percent_covered_display": "100", "missing_lines": 0, "excluded_lines": 2}, "missing_lines": [], "excluded_lines": [18, 19]}}}, "app/database/models/strategy.py": {"executed_lines": [1, 10, 11, 13, 14, 16, 20, 21, 22, 23, 24, 27, 28, 29, 30, 31, 32, 35, 36, 37, 38, 39, 40, 41, 42, 45, 46, 47, 48, 51, 52, 53, 54, 57, 58, 59, 60, 61, 64, 65, 73, 76, 83, 89, 97, 103, 111, 120, 128, 137, 145, 154, 161, 170, 180, 192, 196, 197, 205, 208, 215, 223, 231, 237, 245, 254, 262, 271, 279, 287, 297, 301, 302, 309, 312, 320, 327, 333, 340, 348, 356], "summary": {"covered_lines": 71, "num_statements": 74, "percent_covered": 95.94594594594595, "percent_covered_display": "96", "missing_lines": 3, "excluded_lines": 0}, "missing_lines": [193, 298, 357], "excluded_lines": [], "functions": {"StrategyTemplate.__repr__": {"executed_lines": [], "summary": {"covered_lines": 0, "num_statements": 1, "percent_covered": 0.0, "percent_covered_display": "0", "missing_lines": 1, "excluded_lines": 0}, "missing_lines": [193], "excluded_lines": []}, "StrategyInstance.__repr__": {"executed_lines": [], "summary": {"covered_lines": 0, "num_statements": 1, "percent_covered": 0.0, "percent_covered_display": "0", "missing_lines": 1, "excluded_lines": 0}, "missing_lines": [298], "excluded_lines": []}, "TemplateRating.__repr__": {"executed_lines": [], "summary": {"covered_lines": 0, "num_statements": 1, "percent_covered": 0.0, "percent_covered_display": "0", "missing_lines": 1, "excluded_lines": 0}, "missing_lines": [357], "excluded_lines": []}, "": {"executed_lines": [1, 10, 11, 13, 14, 16, 20, 21, 22, 23, 24, 27, 28, 29, 30, 31, 32, 35, 36, 37, 38, 39, 40, 41, 42, 45, 46, 47, 48, 51, 52, 53, 54, 57, 58, 59, 60, 61, 64, 65, 73, 76, 83, 89, 97, 103, 111, 120, 128, 137, 145, 154, 161, 170, 180, 192, 196, 197, 205, 208, 215, 223, 231, 237, 245, 254, 262, 271, 279, 287, 297, 301, 302, 309, 312, 320, 327, 333, 340, 348, 356], "summary": {"covered_lines": 71, "num_statements": 71, "percent_covered": 100.0, "percent_covered_display": "100", "missing_lines": 0, "excluded_lines": 0}, "missing_lines": [], "excluded_lines": []}}, "classes": {"StrategyCategory": {"executed_lines": [], "summary": {"covered_lines": 0, "num_statements": 0, "percent_covered": 100.0, "percent_covered_display": "100", "missing_lines": 0, "excluded_lines": 0}, "missing_lines": [], "excluded_lines": []}, "StrategyStatus": {"executed_lines": [], "summary": {"covered_lines": 0, "num_statements": 0, "percent_covered": 100.0, "percent_covered_display": "100", "missing_lines": 0, "excluded_lines": 0}, "missing_lines": [], "excluded_lines": []}, "NodeType": {"executed_lines": [], "summary": {"covered_lines": 0, "num_statements": 0, "percent_covered": 100.0, "percent_covered_display": "100", "missing_lines": 0, "excluded_lines": 0}, "missing_lines": [], "excluded_lines": []}, "SignalType": {"executed_lines": [], "summary": {"covered_lines": 0, "num_statements": 0, "percent_covered": 100.0, "percent_covered_display": "100", "missing_lines": 0, "excluded_lines": 0}, "missing_lines": [], "excluded_lines": []}, "PositionType": {"executed_lines": [], "summary": {"covered_lines": 0, "num_statements": 0, "percent_covered": 100.0, "percent_covered_display": "100", "missing_lines": 0, "excluded_lines": 0}, "missing_lines": [], "excluded_lines": []}, "StopLossType": {"executed_lines": [], "summary": {"covered_lines": 0, "num_statements": 0, "percent_covered": 100.0, "percent_covered_display": "100", "missing_lines": 0, "excluded_lines": 0}, "missing_lines": [], "excluded_lines": []}, "StrategyTemplate": {"executed_lines": [], "summary": {"covered_lines": 0, "num_statements": 1, "percent_covered": 0.0, "percent_covered_display": "0", "missing_lines": 1, "excluded_lines": 0}, "missing_lines": [193], "excluded_lines": []}, "StrategyInstance": {"executed_lines": [], "summary": {"covered_lines": 0, "num_statements": 1, "percent_covered": 0.0, "percent_covered_display": "0", "missing_lines": 1, "excluded_lines": 0}, "missing_lines": [298], "excluded_lines": []}, "TemplateRating": {"executed_lines": [], "summary": {"covered_lines": 0, "num_statements": 1, "percent_covered": 0.0, "percent_covered_display": "0", "missing_lines": 1, "excluded_lines": 0}, "missing_lines": [357], "excluded_lines": []}, "": {"executed_lines": [1, 10, 11, 13, 14, 16, 20, 21, 22, 23, 24, 27, 28, 29, 30, 31, 32, 35, 36, 37, 38, 39, 40, 41, 42, 45, 46, 47, 48, 51, 52, 53, 54, 57, 58, 59, 60, 61, 64, 65, 73, 76, 83, 89, 97, 103, 111, 120, 128, 137, 145, 154, 161, 170, 180, 192, 196, 197, 205, 208, 215, 223, 231, 237, 245, 254, 262, 271, 279, 287, 297, 301, 302, 309, 312, 320, 327, 333, 340, 348, 356], "summary": {"covered_lines": 71, "num_statements": 71, "percent_covered": 100.0, "percent_covered_display": "100", "missing_lines": 0, "excluded_lines": 0}, "missing_lines": [], "excluded_lines": []}}}, "app/database/models/user_preferences.py": {"executed_lines": [1, 5, 7, 8, 10, 13, 14, 15, 16, 19, 20, 32, 35, 43, 52, 60, 68, 77, 84, 92, 102], "summary": {"covered_lines": 18, "num_statements": 19, "percent_covered": 94.73684210526316, "percent_covered_display": "95", "missing_lines": 1, "excluded_lines": 0}, "missing_lines": [103], "excluded_lines": [], "functions": {"UserPreferences.__repr__": {"executed_lines": [], "summary": {"covered_lines": 0, "num_statements": 1, "percent_covered": 0.0, "percent_covered_display": "0", "missing_lines": 1, "excluded_lines": 0}, "missing_lines": [103], "excluded_lines": []}, "": {"executed_lines": [1, 5, 7, 8, 10, 13, 14, 15, 16, 19, 20, 32, 35, 43, 52, 60, 68, 77, 84, 92, 102], "summary": {"covered_lines": 18, "num_statements": 18, "percent_covered": 100.0, "percent_covered_display": "100", "missing_lines": 0, "excluded_lines": 0}, "missing_lines": [], "excluded_lines": []}}, "classes": {"UserMode": {"executed_lines": [], "summary": {"covered_lines": 0, "num_statements": 0, "percent_covered": 100.0, "percent_covered_display": "100", "missing_lines": 0, "excluded_lines": 0}, "missing_lines": [], "excluded_lines": []}, "UserPreferences": {"executed_lines": [], "summary": {"covered_lines": 0, "num_statements": 1, "percent_covered": 0.0, "percent_covered_display": "0", "missing_lines": 1, "excluded_lines": 0}, "missing_lines": [103], "excluded_lines": []}, "": {"executed_lines": [1, 5, 7, 8, 10, 13, 14, 15, 16, 19, 20, 32, 35, 43, 52, 60, 68, 77, 84, 92, 102], "summary": {"covered_lines": 18, "num_statements": 18, "percent_covered": 100.0, "percent_covered_display": "100", "missing_lines": 0, "excluded_lines": 0}, "missing_lines": [], "excluded_lines": []}}}, "app/database/repositories/__init__.py": {"executed_lines": [1, 7, 8, 9, 10, 11, 12, 16, 17, 18, 20], "summary": {"covered_lines": 10, "num_statements": 10, "percent_covered": 100.0, "percent_covered_display": "100", "missing_lines": 0, "excluded_lines": 0}, "missing_lines": [], "excluded_lines": [], "functions": {"": {"executed_lines": [1, 7, 8, 9, 10, 11, 12, 16, 17, 18, 20], "summary": {"covered_lines": 10, "num_statements": 10, "percent_covered": 100.0, "percent_covered_display": "100", "missing_lines": 0, "excluded_lines": 0}, "missing_lines": [], "excluded_lines": []}}, "classes": {"": {"executed_lines": [1, 7, 8, 9, 10, 11, 12, 16, 17, 18, 20], "summary": {"covered_lines": 10, "num_statements": 10, "percent_covered": 100.0, "percent_covered_display": "100", "missing_lines": 0, "excluded_lines": 0}, "missing_lines": [], "excluded_lines": []}}}, "app/database/repositories/base.py": {"executed_lines": [1, 8, 9, 11, 12, 13, 15, 18, 21, 22, 37, 45, 46, 48, 89, 115, 174, 223, 274, 292, 295, 296, 299, 300, 301, 303, 304, 306, 327, 367], "summary": {"covered_lines": 28, "num_statements": 119, "percent_covered": 23.529411764705884, "percent_covered_display": "24", "missing_lines": 91, "excluded_lines": 0}, "missing_lines": [73, 74, 76, 77, 80, 81, 83, 84, 86, 87, 107, 109, 110, 112, 113, 144, 147, 148, 151, 152, 153, 156, 157, 158, 159, 160, 162, 163, 166, 169, 171, 172, 199, 200, 201, 202, 205, 206, 207, 210, 211, 214, 215, 217, 218, 220, 221, 249, 250, 251, 252, 254, 256, 257, 258, 259, 261, 264, 266, 268, 269, 271, 272, 324, 325, 350, 351, 352, 353, 354, 355, 357, 359, 360, 361, 362, 364, 365, 387, 388, 389, 392, 394, 395, 396, 397, 399, 400, 401, 403, 404], "excluded_lines": [], "functions": {"BaseRepository.__init__": {"executed_lines": [45, 46], "summary": {"covered_lines": 2, "num_statements": 2, "percent_covered": 100.0, "percent_covered_display": "100", "missing_lines": 0, "excluded_lines": 0}, "missing_lines": [], "excluded_lines": []}, "BaseRepository.create": {"executed_lines": [], "summary": {"covered_lines": 0, "num_statements": 10, "percent_covered": 0.0, "percent_covered_display": "0", "missing_lines": 10, "excluded_lines": 0}, "missing_lines": [73, 74, 76, 77, 80, 81, 83, 84, 86, 87], "excluded_lines": []}, "BaseRepository.get": {"executed_lines": [], "summary": {"covered_lines": 0, "num_statements": 5, "percent_covered": 0.0, "percent_covered_display": "0", "missing_lines": 5, "excluded_lines": 0}, "missing_lines": [107, 109, 110, 112, 113], "excluded_lines": []}, "BaseRepository.get_multi": {"executed_lines": [], "summary": {"covered_lines": 0, "num_statements": 17, "percent_covered": 0.0, "percent_covered_display": "0", "missing_lines": 17, "excluded_lines": 0}, "missing_lines": [144, 147, 148, 151, 152, 153, 156, 157, 158, 159, 160, 162, 163, 166, 169, 171, 172], "excluded_lines": []}, "BaseRepository.update": {"executed_lines": [], "summary": {"covered_lines": 0, "num_statements": 15, "percent_covered": 0.0, "percent_covered_display": "0", "missing_lines": 15, "excluded_lines": 0}, "missing_lines": [199, 200, 201, 202, 205, 206, 207, 210, 211, 214, 215, 217, 218, 220, 221], "excluded_lines": []}, "BaseRepository.delete": {"executed_lines": [], "summary": {"covered_lines": 0, "num_statements": 16, "percent_covered": 0.0, "percent_covered_display": "0", "missing_lines": 16, "excluded_lines": 0}, "missing_lines": [249, 250, 251, 252, 254, 256, 257, 258, 259, 261, 264, 266, 268, 269, 271, 272], "excluded_lines": []}, "BaseRepository.count": {"executed_lines": [292, 295, 296, 299, 300, 301, 303, 304], "summary": {"covered_lines": 8, "num_statements": 8, "percent_covered": 100.0, "percent_covered_display": "100", "missing_lines": 0, "excluded_lines": 0}, "missing_lines": [], "excluded_lines": []}, "BaseRepository.exists": {"executed_lines": [], "summary": {"covered_lines": 0, "num_statements": 2, "percent_covered": 0.0, "percent_covered_display": "0", "missing_lines": 2, "excluded_lines": 0}, "missing_lines": [324, 325], "excluded_lines": []}, "BaseRepository.bulk_create": {"executed_lines": [], "summary": {"covered_lines": 0, "num_statements": 13, "percent_covered": 0.0, "percent_covered_display": "0", "missing_lines": 13, "excluded_lines": 0}, "missing_lines": [350, 351, 352, 353, 354, 355, 357, 359, 360, 361, 362, 364, 365], "excluded_lines": []}, "BaseRepository.restore": {"executed_lines": [], "summary": {"covered_lines": 0, "num_statements": 13, "percent_covered": 0.0, "percent_covered_display": "0", "missing_lines": 13, "excluded_lines": 0}, "missing_lines": [387, 388, 389, 392, 394, 395, 396, 397, 399, 400, 401, 403, 404], "excluded_lines": []}, "": {"executed_lines": [1, 8, 9, 11, 12, 13, 15, 18, 21, 22, 37, 48, 89, 115, 174, 223, 274, 306, 327, 367], "summary": {"covered_lines": 18, "num_statements": 18, "percent_covered": 100.0, "percent_covered_display": "100", "missing_lines": 0, "excluded_lines": 0}, "missing_lines": [], "excluded_lines": []}}, "classes": {"BaseRepository": {"executed_lines": [45, 46, 292, 295, 296, 299, 300, 301, 303, 304], "summary": {"covered_lines": 10, "num_statements": 101, "percent_covered": 9.900990099009901, "percent_covered_display": "10", "missing_lines": 91, "excluded_lines": 0}, "missing_lines": [73, 74, 76, 77, 80, 81, 83, 84, 86, 87, 107, 109, 110, 112, 113, 144, 147, 148, 151, 152, 153, 156, 157, 158, 159, 160, 162, 163, 166, 169, 171, 172, 199, 200, 201, 202, 205, 206, 207, 210, 211, 214, 215, 217, 218, 220, 221, 249, 250, 251, 252, 254, 256, 257, 258, 259, 261, 264, 266, 268, 269, 271, 272, 324, 325, 350, 351, 352, 353, 354, 355, 357, 359, 360, 361, 362, 364, 365, 387, 388, 389, 392, 394, 395, 396, 397, 399, 400, 401, 403, 404], "excluded_lines": []}, "": {"executed_lines": [1, 8, 9, 11, 12, 13, 15, 18, 21, 22, 37, 48, 89, 115, 174, 223, 274, 306, 327, 367], "summary": {"covered_lines": 18, "num_statements": 18, "percent_covered": 100.0, "percent_covered_display": "100", "missing_lines": 0, "excluded_lines": 0}, "missing_lines": [], "excluded_lines": []}}}, "app/database/repositories/chart.py": {"executed_lines": [1, 8, 10, 11, 12, 14, 15, 18, 19, 29, 38, 70, 105, 148, 171, 195, 229, 280, 316], "summary": {"covered_lines": 17, "num_statements": 75, "percent_covered": 22.666666666666668, "percent_covered_display": "23", "missing_lines": 58, "excluded_lines": 0}, "missing_lines": [36, 60, 62, 63, 65, 67, 68, 93, 95, 97, 98, 100, 102, 103, 133, 135, 140, 141, 143, 145, 146, 166, 189, 190, 217, 221, 222, 224, 226, 227, 259, 262, 263, 265, 266, 267, 269, 270, 272, 273, 275, 277, 278, 301, 304, 305, 306, 308, 313, 314, 340, 341, 342, 343, 346, 354, 355, 356], "excluded_lines": [], "functions": {"ChartRepository.__init__": {"executed_lines": [], "summary": {"covered_lines": 0, "num_statements": 1, "percent_covered": 0.0, "percent_covered_display": "0", "missing_lines": 1, "excluded_lines": 0}, "missing_lines": [36], "excluded_lines": []}, "ChartRepository.get_by_dataset": {"executed_lines": [], "summary": {"covered_lines": 0, "num_statements": 6, "percent_covered": 0.0, "percent_covered_display": "0", "missing_lines": 6, "excluded_lines": 0}, "missing_lines": [60, 62, 63, 65, 67, 68], "excluded_lines": []}, "ChartRepository.get_by_type": {"executed_lines": [], "summary": {"covered_lines": 0, "num_statements": 7, "percent_covered": 0.0, "percent_covered_display": "0", "missing_lines": 7, "excluded_lines": 0}, "missing_lines": [93, 95, 97, 98, 100, 102, 103], "excluded_lines": []}, "ChartRepository.get_by_dataset_and_type": {"executed_lines": [], "summary": {"covered_lines": 0, "num_statements": 7, "percent_covered": 0.0, "percent_covered_display": "0", "missing_lines": 7, "excluded_lines": 0}, "missing_lines": [133, 135, 140, 141, 143, 145, 146], "excluded_lines": []}, "ChartRepository.count_by_dataset": {"executed_lines": [], "summary": {"covered_lines": 0, "num_statements": 1, "percent_covered": 0.0, "percent_covered_display": "0", "missing_lines": 1, "excluded_lines": 0}, "missing_lines": [166], "excluded_lines": []}, "ChartRepository.count_by_type": {"executed_lines": [], "summary": {"covered_lines": 0, "num_statements": 2, "percent_covered": 0.0, "percent_covered_display": "0", "missing_lines": 2, "excluded_lines": 0}, "missing_lines": [189, 190], "excluded_lines": []}, "ChartRepository.search_by_name": {"executed_lines": [], "summary": {"covered_lines": 0, "num_statements": 6, "percent_covered": 0.0, "percent_covered_display": "0", "missing_lines": 6, "excluded_lines": 0}, "missing_lines": [217, 221, 222, 224, 226, 227], "excluded_lines": []}, "ChartRepository.get_with_filters": {"executed_lines": [], "summary": {"covered_lines": 0, "num_statements": 13, "percent_covered": 0.0, "percent_covered_display": "0", "missing_lines": 13, "excluded_lines": 0}, "missing_lines": [259, 262, 263, 265, 266, 267, 269, 270, 272, 273, 275, 277, 278], "excluded_lines": []}, "ChartRepository.get_statistics": {"executed_lines": [], "summary": {"covered_lines": 0, "num_statements": 7, "percent_covered": 0.0, "percent_covered_display": "0", "missing_lines": 7, "excluded_lines": 0}, "missing_lines": [301, 304, 305, 306, 308, 313, 314], "excluded_lines": []}, "ChartRepository.duplicate_chart": {"executed_lines": [], "summary": {"covered_lines": 0, "num_statements": 8, "percent_covered": 0.0, "percent_covered_display": "0", "missing_lines": 8, "excluded_lines": 0}, "missing_lines": [340, 341, 342, 343, 346, 354, 355, 356], "excluded_lines": []}, "": {"executed_lines": [1, 8, 10, 11, 12, 14, 15, 18, 19, 29, 38, 70, 105, 148, 171, 195, 229, 280, 316], "summary": {"covered_lines": 17, "num_statements": 17, "percent_covered": 100.0, "percent_covered_display": "100", "missing_lines": 0, "excluded_lines": 0}, "missing_lines": [], "excluded_lines": []}}, "classes": {"ChartRepository": {"executed_lines": [], "summary": {"covered_lines": 0, "num_statements": 58, "percent_covered": 0.0, "percent_covered_display": "0", "missing_lines": 58, "excluded_lines": 0}, "missing_lines": [36, 60, 62, 63, 65, 67, 68, 93, 95, 97, 98, 100, 102, 103, 133, 135, 140, 141, 143, 145, 146, 166, 189, 190, 217, 221, 222, 224, 226, 227, 259, 262, 263, 265, 266, 267, 269, 270, 272, 273, 275, 277, 278, 301, 304, 305, 306, 308, 313, 314, 340, 341, 342, 343, 346, 354, 355, 356], "excluded_lines": []}, "": {"executed_lines": [1, 8, 10, 11, 12, 14, 15, 18, 19, 29, 38, 70, 105, 148, 171, 195, 229, 280, 316], "summary": {"covered_lines": 17, "num_statements": 17, "percent_covered": 100.0, "percent_covered_display": "100", "missing_lines": 0, "excluded_lines": 0}, "missing_lines": [], "excluded_lines": []}}}, "app/database/repositories/custom_factor_repository.py": {"executed_lines": [1, 7, 8, 9, 10, 12, 13, 16, 17, 28, 30, 32, 66, 94, 114, 134, 176, 194, 231, 258, 287, 302, 307, 308, 310, 312, 313, 315, 330, 338, 339, 341, 343, 344, 346, 353, 361, 362], "summary": {"covered_lines": 36, "num_statements": 88, "percent_covered": 40.90909090909091, "percent_covered_display": "41", "missing_lines": 52, "excluded_lines": 0}, "missing_lines": [51, 56, 57, 59, 63, 64, 81, 91, 92, 104, 105, 106, 108, 109, 110, 111, 112, 124, 125, 126, 128, 129, 130, 131, 132, 151, 152, 153, 156, 168, 171, 172, 174, 186, 187, 188, 190, 191, 192, 213, 221, 222, 224, 228, 229, 244, 251, 255, 256, 275, 284, 285], "excluded_lines": [], "functions": {"CustomFactorRepository.__init__": {"executed_lines": [30], "summary": {"covered_lines": 1, "num_statements": 1, "percent_covered": 100.0, "percent_covered_display": "100", "missing_lines": 0, "excluded_lines": 0}, "missing_lines": [], "excluded_lines": []}, "CustomFactorRepository.get_user_factors": {"executed_lines": [], "summary": {"covered_lines": 0, "num_statements": 6, "percent_covered": 0.0, "percent_covered_display": "0", "missing_lines": 6, "excluded_lines": 0}, "missing_lines": [51, 56, 57, 59, 63, 64], "excluded_lines": []}, "CustomFactorRepository.get_public_factors": {"executed_lines": [], "summary": {"covered_lines": 0, "num_statements": 3, "percent_covered": 0.0, "percent_covered_display": "0", "missing_lines": 3, "excluded_lines": 0}, "missing_lines": [81, 91, 92], "excluded_lines": []}, "CustomFactorRepository.publish_factor": {"executed_lines": [], "summary": {"covered_lines": 0, "num_statements": 8, "percent_covered": 0.0, "percent_covered_display": "0", "missing_lines": 8, "excluded_lines": 0}, "missing_lines": [104, 105, 106, 108, 109, 110, 111, 112], "excluded_lines": []}, "CustomFactorRepository.make_public": {"executed_lines": [], "summary": {"covered_lines": 0, "num_statements": 8, "percent_covered": 0.0, "percent_covered_display": "0", "missing_lines": 8, "excluded_lines": 0}, "missing_lines": [124, 125, 126, 128, 129, 130, 131, 132], "excluded_lines": []}, "CustomFactorRepository.clone_factor": {"executed_lines": [], "summary": {"covered_lines": 0, "num_statements": 8, "percent_covered": 0.0, "percent_covered_display": "0", "missing_lines": 8, "excluded_lines": 0}, "missing_lines": [151, 152, 153, 156, 168, 171, 172, 174], "excluded_lines": []}, "CustomFactorRepository.increment_usage_count": {"executed_lines": [], "summary": {"covered_lines": 0, "num_statements": 6, "percent_covered": 0.0, "percent_covered_display": "0", "missing_lines": 6, "excluded_lines": 0}, "missing_lines": [186, 187, 188, 190, 191, 192], "excluded_lines": []}, "CustomFactorRepository.search_by_name": {"executed_lines": [], "summary": {"covered_lines": 0, "num_statements": 6, "percent_covered": 0.0, "percent_covered_display": "0", "missing_lines": 6, "excluded_lines": 0}, "missing_lines": [213, 221, 222, 224, 228, 229], "excluded_lines": []}, "CustomFactorRepository.get_popular_factors": {"executed_lines": [], "summary": {"covered_lines": 0, "num_statements": 4, "percent_covered": 0.0, "percent_covered_display": "0", "missing_lines": 4, "excluded_lines": 0}, "missing_lines": [244, 251, 255, 256], "excluded_lines": []}, "CustomFactorRepository.get_by_base_indicator": {"executed_lines": [], "summary": {"covered_lines": 0, "num_statements": 3, "percent_covered": 0.0, "percent_covered_display": "0", "missing_lines": 3, "excluded_lines": 0}, "missing_lines": [275, 284, 285], "excluded_lines": []}, "CustomFactorRepository.count_user_factors": {"executed_lines": [302, 307, 308, 310, 312, 313], "summary": {"covered_lines": 6, "num_statements": 6, "percent_covered": 100.0, "percent_covered_display": "100", "missing_lines": 0, "excluded_lines": 0}, "missing_lines": [], "excluded_lines": []}, "CustomFactorRepository.count_search_results": {"executed_lines": [330, 338, 339, 341, 343, 344], "summary": {"covered_lines": 6, "num_statements": 6, "percent_covered": 100.0, "percent_covered_display": "100", "missing_lines": 0, "excluded_lines": 0}, "missing_lines": [], "excluded_lines": []}, "CustomFactorRepository.count_public_factors": {"executed_lines": [353, 361, 362], "summary": {"covered_lines": 3, "num_statements": 3, "percent_covered": 100.0, "percent_covered_display": "100", "missing_lines": 0, "excluded_lines": 0}, "missing_lines": [], "excluded_lines": []}, "": {"executed_lines": [1, 7, 8, 9, 10, 12, 13, 16, 17, 28, 32, 66, 94, 114, 134, 176, 194, 231, 258, 287, 315, 346], "summary": {"covered_lines": 20, "num_statements": 20, "percent_covered": 100.0, "percent_covered_display": "100", "missing_lines": 0, "excluded_lines": 0}, "missing_lines": [], "excluded_lines": []}}, "classes": {"CustomFactorRepository": {"executed_lines": [30, 302, 307, 308, 310, 312, 313, 330, 338, 339, 341, 343, 344, 353, 361, 362], "summary": {"covered_lines": 16, "num_statements": 68, "percent_covered": 23.529411764705884, "percent_covered_display": "24", "missing_lines": 52, "excluded_lines": 0}, "missing_lines": [51, 56, 57, 59, 63, 64, 81, 91, 92, 104, 105, 106, 108, 109, 110, 111, 112, 124, 125, 126, 128, 129, 130, 131, 132, 151, 152, 153, 156, 168, 171, 172, 174, 186, 187, 188, 190, 191, 192, 213, 221, 222, 224, 228, 229, 244, 251, 255, 256, 275, 284, 285], "excluded_lines": []}, "": {"executed_lines": [1, 7, 8, 9, 10, 12, 13, 16, 17, 28, 32, 66, 94, 114, 134, 176, 194, 231, 258, 287, 315, 346], "summary": {"covered_lines": 20, "num_statements": 20, "percent_covered": 100.0, "percent_covered_display": "100", "missing_lines": 0, "excluded_lines": 0}, "missing_lines": [], "excluded_lines": []}}}, "app/database/repositories/dataset.py": {"executed_lines": [1, 8, 10, 11, 12, 14, 15, 18, 19, 29, 38, 64, 99, 134, 168, 220, 241, 262], "summary": {"covered_lines": 16, "num_statements": 70, "percent_covered": 22.857142857142858, "percent_covered_display": "23", "missing_lines": 54, "excluded_lines": 0}, "missing_lines": [36, 56, 58, 59, 61, 62, 87, 89, 91, 92, 94, 96, 97, 122, 124, 126, 127, 129, 131, 132, 156, 160, 161, 163, 165, 166, 198, 201, 202, 203, 205, 206, 207, 209, 210, 212, 213, 215, 217, 218, 238, 239, 259, 260, 278, 281, 282, 283, 286, 287, 288, 290, 296, 297], "excluded_lines": [], "functions": {"DatasetRepository.__init__": {"executed_lines": [], "summary": {"covered_lines": 0, "num_statements": 1, "percent_covered": 0.0, "percent_covered_display": "0", "missing_lines": 1, "excluded_lines": 0}, "missing_lines": [36], "excluded_lines": []}, "DatasetRepository.get_by_name": {"executed_lines": [], "summary": {"covered_lines": 0, "num_statements": 5, "percent_covered": 0.0, "percent_covered_display": "0", "missing_lines": 5, "excluded_lines": 0}, "missing_lines": [56, 58, 59, 61, 62], "excluded_lines": []}, "DatasetRepository.get_by_source": {"executed_lines": [], "summary": {"covered_lines": 0, "num_statements": 7, "percent_covered": 0.0, "percent_covered_display": "0", "missing_lines": 7, "excluded_lines": 0}, "missing_lines": [87, 89, 91, 92, 94, 96, 97], "excluded_lines": []}, "DatasetRepository.get_by_status": {"executed_lines": [], "summary": {"covered_lines": 0, "num_statements": 7, "percent_covered": 0.0, "percent_covered_display": "0", "missing_lines": 7, "excluded_lines": 0}, "missing_lines": [122, 124, 126, 127, 129, 131, 132], "excluded_lines": []}, "DatasetRepository.search_by_name": {"executed_lines": [], "summary": {"covered_lines": 0, "num_statements": 6, "percent_covered": 0.0, "percent_covered_display": "0", "missing_lines": 6, "excluded_lines": 0}, "missing_lines": [156, 160, 161, 163, 165, 166], "excluded_lines": []}, "DatasetRepository.get_with_filters": {"executed_lines": [], "summary": {"covered_lines": 0, "num_statements": 14, "percent_covered": 0.0, "percent_covered_display": "0", "missing_lines": 14, "excluded_lines": 0}, "missing_lines": [198, 201, 202, 203, 205, 206, 207, 209, 210, 212, 213, 215, 217, 218], "excluded_lines": []}, "DatasetRepository.count_by_source": {"executed_lines": [], "summary": {"covered_lines": 0, "num_statements": 2, "percent_covered": 0.0, "percent_covered_display": "0", "missing_lines": 2, "excluded_lines": 0}, "missing_lines": [238, 239], "excluded_lines": []}, "DatasetRepository.count_by_status": {"executed_lines": [], "summary": {"covered_lines": 0, "num_statements": 2, "percent_covered": 0.0, "percent_covered_display": "0", "missing_lines": 2, "excluded_lines": 0}, "missing_lines": [259, 260], "excluded_lines": []}, "DatasetRepository.get_statistics": {"executed_lines": [], "summary": {"covered_lines": 0, "num_statements": 10, "percent_covered": 0.0, "percent_covered_display": "0", "missing_lines": 10, "excluded_lines": 0}, "missing_lines": [278, 281, 282, 283, 286, 287, 288, 290, 296, 297], "excluded_lines": []}, "": {"executed_lines": [1, 8, 10, 11, 12, 14, 15, 18, 19, 29, 38, 64, 99, 134, 168, 220, 241, 262], "summary": {"covered_lines": 16, "num_statements": 16, "percent_covered": 100.0, "percent_covered_display": "100", "missing_lines": 0, "excluded_lines": 0}, "missing_lines": [], "excluded_lines": []}}, "classes": {"DatasetRepository": {"executed_lines": [], "summary": {"covered_lines": 0, "num_statements": 54, "percent_covered": 0.0, "percent_covered_display": "0", "missing_lines": 54, "excluded_lines": 0}, "missing_lines": [36, 56, 58, 59, 61, 62, 87, 89, 91, 92, 94, 96, 97, 122, 124, 126, 127, 129, 131, 132, 156, 160, 161, 163, 165, 166, 198, 201, 202, 203, 205, 206, 207, 209, 210, 212, 213, 215, 217, 218, 238, 239, 259, 260, 278, 281, 282, 283, 286, 287, 288, 290, 296, 297], "excluded_lines": []}, "": {"executed_lines": [1, 8, 10, 11, 12, 14, 15, 18, 19, 29, 38, 64, 99, 134, 168, 220, 241, 262], "summary": {"covered_lines": 16, "num_statements": 16, "percent_covered": 100.0, "percent_covered_display": "100", "missing_lines": 0, "excluded_lines": 0}, "missing_lines": [], "excluded_lines": []}}}, "app/database/repositories/factor_validation_repository.py": {"executed_lines": [], "summary": {"covered_lines": 0, "num_statements": 30, "percent_covered": 0.0, "percent_covered_display": "0", "missing_lines": 30, "excluded_lines": 0}, "missing_lines": [8, 9, 10, 12, 13, 16, 27, 29, 31, 50, 55, 56, 58, 62, 63, 65, 80, 86, 88, 105, 114, 115, 117, 132, 133, 134, 136, 137, 138, 139], "excluded_lines": [], "functions": {"FactorValidationResultRepository.__init__": {"executed_lines": [], "summary": {"covered_lines": 0, "num_statements": 1, "percent_covered": 0.0, "percent_covered_display": "0", "missing_lines": 1, "excluded_lines": 0}, "missing_lines": [29], "excluded_lines": []}, "FactorValidationResultRepository.get_by_factor": {"executed_lines": [], "summary": {"covered_lines": 0, "num_statements": 6, "percent_covered": 0.0, "percent_covered_display": "0", "missing_lines": 6, "excluded_lines": 0}, "missing_lines": [50, 55, 56, 58, 62, 63], "excluded_lines": []}, "FactorValidationResultRepository.get_latest_by_factor": {"executed_lines": [], "summary": {"covered_lines": 0, "num_statements": 2, "percent_covered": 0.0, "percent_covered_display": "0", "missing_lines": 2, "excluded_lines": 0}, "missing_lines": [80, 86], "excluded_lines": []}, "FactorValidationResultRepository.get_by_status": {"executed_lines": [], "summary": {"covered_lines": 0, "num_statements": 3, "percent_covered": 0.0, "percent_covered_display": "0", "missing_lines": 3, "excluded_lines": 0}, "missing_lines": [105, 114, 115], "excluded_lines": []}, "FactorValidationResultRepository.update_status": {"executed_lines": [], "summary": {"covered_lines": 0, "num_statements": 7, "percent_covered": 0.0, "percent_covered_display": "0", "missing_lines": 7, "excluded_lines": 0}, "missing_lines": [132, 133, 134, 136, 137, 138, 139], "excluded_lines": []}, "": {"executed_lines": [], "summary": {"covered_lines": 0, "num_statements": 11, "percent_covered": 0.0, "percent_covered_display": "0", "missing_lines": 11, "excluded_lines": 0}, "missing_lines": [8, 9, 10, 12, 13, 16, 27, 31, 65, 88, 117], "excluded_lines": []}}, "classes": {"FactorValidationResultRepository": {"executed_lines": [], "summary": {"covered_lines": 0, "num_statements": 19, "percent_covered": 0.0, "percent_covered_display": "0", "missing_lines": 19, "excluded_lines": 0}, "missing_lines": [29, 50, 55, 56, 58, 62, 63, 80, 86, 105, 114, 115, 132, 133, 134, 136, 137, 138, 139], "excluded_lines": []}, "": {"executed_lines": [], "summary": {"covered_lines": 0, "num_statements": 11, "percent_covered": 0.0, "percent_covered_display": "0", "missing_lines": 11, "excluded_lines": 0}, "missing_lines": [8, 9, 10, 12, 13, 16, 27, 31, 65, 88, 117], "excluded_lines": []}}}, "app/database/repositories/import_task.py": {"executed_lines": [1, 7, 8, 9, 11, 12, 15, 16, 18, 21, 53, 83, 108, 133], "summary": {"covered_lines": 12, "num_statements": 30, "percent_covered": 40.0, "percent_covered_display": "40", "missing_lines": 18, "excluded_lines": 0}, "missing_lines": [19, 40, 45, 46, 48, 50, 51, 68, 75, 80, 81, 100, 105, 106, 125, 130, 131, 143], "excluded_lines": [], "functions": {"ImportTaskRepository.__init__": {"executed_lines": [], "summary": {"covered_lines": 0, "num_statements": 1, "percent_covered": 0.0, "percent_covered_display": "0", "missing_lines": 1, "excluded_lines": 0}, "missing_lines": [19], "excluded_lines": []}, "ImportTaskRepository.get_by_user": {"executed_lines": [], "summary": {"covered_lines": 0, "num_statements": 6, "percent_covered": 0.0, "percent_covered_display": "0", "missing_lines": 6, "excluded_lines": 0}, "missing_lines": [40, 45, 46, 48, 50, 51], "excluded_lines": []}, "ImportTaskRepository.get_active_tasks": {"executed_lines": [], "summary": {"covered_lines": 0, "num_statements": 4, "percent_covered": 0.0, "percent_covered_display": "0", "missing_lines": 4, "excluded_lines": 0}, "missing_lines": [68, 75, 80, 81], "excluded_lines": []}, "ImportTaskRepository.get_by_status": {"executed_lines": [], "summary": {"covered_lines": 0, "num_statements": 3, "percent_covered": 0.0, "percent_covered_display": "0", "missing_lines": 3, "excluded_lines": 0}, "missing_lines": [100, 105, 106], "excluded_lines": []}, "ImportTaskRepository.get_by_dataset": {"executed_lines": [], "summary": {"covered_lines": 0, "num_statements": 3, "percent_covered": 0.0, "percent_covered_display": "0", "missing_lines": 3, "excluded_lines": 0}, "missing_lines": [125, 130, 131], "excluded_lines": []}, "ImportTaskRepository.count_by_status": {"executed_lines": [], "summary": {"covered_lines": 0, "num_statements": 1, "percent_covered": 0.0, "percent_covered_display": "0", "missing_lines": 1, "excluded_lines": 0}, "missing_lines": [143], "excluded_lines": []}, "": {"executed_lines": [1, 7, 8, 9, 11, 12, 15, 16, 18, 21, 53, 83, 108, 133], "summary": {"covered_lines": 12, "num_statements": 12, "percent_covered": 100.0, "percent_covered_display": "100", "missing_lines": 0, "excluded_lines": 0}, "missing_lines": [], "excluded_lines": []}}, "classes": {"ImportTaskRepository": {"executed_lines": [], "summary": {"covered_lines": 0, "num_statements": 18, "percent_covered": 0.0, "percent_covered_display": "0", "missing_lines": 18, "excluded_lines": 0}, "missing_lines": [19, 40, 45, 46, 48, 50, 51, 68, 75, 80, 81, 100, 105, 106, 125, 130, 131, 143], "excluded_lines": []}, "": {"executed_lines": [1, 7, 8, 9, 11, 12, 15, 16, 18, 21, 53, 83, 108, 133], "summary": {"covered_lines": 12, "num_statements": 12, "percent_covered": 100.0, "percent_covered_display": "100", "missing_lines": 0, "excluded_lines": 0}, "missing_lines": [], "excluded_lines": []}}}, "app/database/repositories/indicator_repository.py": {"executed_lines": [1, 8, 10, 11, 12, 14, 15, 18, 19, 30, 32, 34, 70, 88, 90, 99, 100, 102, 103, 105, 106, 108, 118, 120, 129, 130, 132, 133, 135, 167, 201, 230], "summary": {"covered_lines": 30, "num_statements": 75, "percent_covered": 40.0, "percent_covered_display": "40", "missing_lines": 45, "excluded_lines": 0}, "missing_lines": [53, 58, 59, 61, 62, 64, 65, 67, 68, 150, 155, 156, 158, 159, 161, 162, 164, 165, 184, 189, 190, 192, 193, 195, 196, 198, 199, 216, 221, 222, 224, 225, 227, 228, 246, 247, 248, 249, 252, 258, 260, 261, 264, 266, 267], "excluded_lines": [], "functions": {"IndicatorRepository.__init__": {"executed_lines": [32], "summary": {"covered_lines": 1, "num_statements": 1, "percent_covered": 100.0, "percent_covered_display": "100", "missing_lines": 0, "excluded_lines": 0}, "missing_lines": [], "excluded_lines": []}, "IndicatorRepository.get_by_category": {"executed_lines": [], "summary": {"covered_lines": 0, "num_statements": 9, "percent_covered": 0.0, "percent_covered_display": "0", "missing_lines": 9, "excluded_lines": 0}, "missing_lines": [53, 58, 59, 61, 62, 64, 65, 67, 68], "excluded_lines": []}, "IndicatorRepository.search_by_name": {"executed_lines": [88, 90, 99, 100, 102, 103, 105, 106], "summary": {"covered_lines": 8, "num_statements": 8, "percent_covered": 100.0, "percent_covered_display": "100", "missing_lines": 0, "excluded_lines": 0}, "missing_lines": [], "excluded_lines": []}, "IndicatorRepository.count_search_results": {"executed_lines": [118, 120, 129, 130, 132, 133], "summary": {"covered_lines": 6, "num_statements": 6, "percent_covered": 100.0, "percent_covered_display": "100", "missing_lines": 0, "excluded_lines": 0}, "missing_lines": [], "excluded_lines": []}, "IndicatorRepository.get_popular_indicators": {"executed_lines": [], "summary": {"covered_lines": 0, "num_statements": 9, "percent_covered": 0.0, "percent_covered_display": "0", "missing_lines": 9, "excluded_lines": 0}, "missing_lines": [150, 155, 156, 158, 159, 161, 162, 164, 165], "excluded_lines": []}, "IndicatorRepository.get_system_indicators": {"executed_lines": [], "summary": {"covered_lines": 0, "num_statements": 9, "percent_covered": 0.0, "percent_covered_display": "0", "missing_lines": 9, "excluded_lines": 0}, "missing_lines": [184, 189, 190, 192, 193, 195, 196, 198, 199], "excluded_lines": []}, "IndicatorRepository.get_user_indicators": {"executed_lines": [], "summary": {"covered_lines": 0, "num_statements": 7, "percent_covered": 0.0, "percent_covered_display": "0", "missing_lines": 7, "excluded_lines": 0}, "missing_lines": [216, 221, 222, 224, 225, 227, 228], "excluded_lines": []}, "IndicatorRepository.increment_usage_count": {"executed_lines": [], "summary": {"covered_lines": 0, "num_statements": 11, "percent_covered": 0.0, "percent_covered_display": "0", "missing_lines": 11, "excluded_lines": 0}, "missing_lines": [246, 247, 248, 249, 252, 258, 260, 261, 264, 266, 267], "excluded_lines": []}, "": {"executed_lines": [1, 8, 10, 11, 12, 14, 15, 18, 19, 30, 34, 70, 108, 135, 167, 201, 230], "summary": {"covered_lines": 15, "num_statements": 15, "percent_covered": 100.0, "percent_covered_display": "100", "missing_lines": 0, "excluded_lines": 0}, "missing_lines": [], "excluded_lines": []}}, "classes": {"IndicatorRepository": {"executed_lines": [32, 88, 90, 99, 100, 102, 103, 105, 106, 118, 120, 129, 130, 132, 133], "summary": {"covered_lines": 15, "num_statements": 60, "percent_covered": 25.0, "percent_covered_display": "25", "missing_lines": 45, "excluded_lines": 0}, "missing_lines": [53, 58, 59, 61, 62, 64, 65, 67, 68, 150, 155, 156, 158, 159, 161, 162, 164, 165, 184, 189, 190, 192, 193, 195, 196, 198, 199, 216, 221, 222, 224, 225, 227, 228, 246, 247, 248, 249, 252, 258, 260, 261, 264, 266, 267], "excluded_lines": []}, "": {"executed_lines": [1, 8, 10, 11, 12, 14, 15, 18, 19, 30, 34, 70, 108, 135, 167, 201, 230], "summary": {"covered_lines": 15, "num_statements": 15, "percent_covered": 100.0, "percent_covered_display": "100", "missing_lines": 0, "excluded_lines": 0}, "missing_lines": [], "excluded_lines": []}}}, "app/database/repositories/preprocessing.py": {"executed_lines": [1, 8, 9, 10, 12, 13, 21, 22, 31, 34, 76, 96, 150, 184, 204, 250, 285, 330, 357, 412, 428, 429, 438, 441, 479, 517, 545, 573, 601, 616], "summary": {"covered_lines": 27, "num_statements": 125, "percent_covered": 21.6, "percent_covered_display": "22", "missing_lines": 98, "excluded_lines": 0}, "missing_lines": [32, 59, 65, 66, 68, 73, 74, 91, 124, 130, 132, 135, 137, 138, 140, 142, 147, 148, 168, 173, 174, 176, 181, 182, 197, 198, 199, 200, 201, 202, 226, 228, 237, 238, 242, 247, 248, 272, 277, 278, 280, 282, 283, 309, 314, 315, 317, 318, 322, 327, 328, 348, 354, 355, 387, 389, 390, 392, 393, 395, 396, 398, 399, 400, 405, 409, 410, 425, 439, 466, 471, 472, 474, 476, 477, 499, 504, 509, 510, 512, 514, 515, 537, 542, 543, 565, 570, 571, 593, 598, 599, 614, 636, 656, 657, 659, 660, 662], "excluded_lines": [], "functions": {"PreprocessingRuleRepository.__init__": {"executed_lines": [], "summary": {"covered_lines": 0, "num_statements": 1, "percent_covered": 0.0, "percent_covered_display": "0", "missing_lines": 1, "excluded_lines": 0}, "missing_lines": [32], "excluded_lines": []}, "PreprocessingRuleRepository.get_user_templates": {"executed_lines": [], "summary": {"covered_lines": 0, "num_statements": 6, "percent_covered": 0.0, "percent_covered_display": "0", "missing_lines": 6, "excluded_lines": 0}, "missing_lines": [59, 65, 66, 68, 73, 74], "excluded_lines": []}, "PreprocessingRuleRepository.count_user_templates": {"executed_lines": [], "summary": {"covered_lines": 0, "num_statements": 1, "percent_covered": 0.0, "percent_covered_display": "0", "missing_lines": 1, "excluded_lines": 0}, "missing_lines": [91], "excluded_lines": []}, "PreprocessingRuleRepository.get_by_type": {"executed_lines": [], "summary": {"covered_lines": 0, "num_statements": 10, "percent_covered": 0.0, "percent_covered_display": "0", "missing_lines": 10, "excluded_lines": 0}, "missing_lines": [124, 130, 132, 135, 137, 138, 140, 142, 147, 148], "excluded_lines": []}, "PreprocessingRuleRepository.get_popular_templates": {"executed_lines": [], "summary": {"covered_lines": 0, "num_statements": 6, "percent_covered": 0.0, "percent_covered_display": "0", "missing_lines": 6, "excluded_lines": 0}, "missing_lines": [168, 173, 174, 176, 181, 182], "excluded_lines": []}, "PreprocessingRuleRepository.increment_usage": {"executed_lines": [], "summary": {"covered_lines": 0, "num_statements": 6, "percent_covered": 0.0, "percent_covered_display": "0", "missing_lines": 6, "excluded_lines": 0}, "missing_lines": [197, 198, 199, 200, 201, 202], "excluded_lines": []}, "PreprocessingRuleRepository.search_templates": {"executed_lines": [], "summary": {"covered_lines": 0, "num_statements": 7, "percent_covered": 0.0, "percent_covered_display": "0", "missing_lines": 7, "excluded_lines": 0}, "missing_lines": [226, 228, 237, 238, 242, 247, 248], "excluded_lines": []}, "PreprocessingRuleRepository.get_by_user": {"executed_lines": [], "summary": {"covered_lines": 0, "num_statements": 6, "percent_covered": 0.0, "percent_covered_display": "0", "missing_lines": 6, "excluded_lines": 0}, "missing_lines": [272, 277, 278, 280, 282, 283], "excluded_lines": []}, "PreprocessingRuleRepository.get_templates": {"executed_lines": [], "summary": {"covered_lines": 0, "num_statements": 8, "percent_covered": 0.0, "percent_covered_display": "0", "missing_lines": 8, "excluded_lines": 0}, "missing_lines": [309, 314, 315, 317, 318, 322, 327, 328], "excluded_lines": []}, "PreprocessingRuleRepository.get_by_user_and_name": {"executed_lines": [], "summary": {"covered_lines": 0, "num_statements": 3, "percent_covered": 0.0, "percent_covered_display": "0", "missing_lines": 3, "excluded_lines": 0}, "missing_lines": [348, 354, 355], "excluded_lines": []}, "PreprocessingRuleRepository.get_with_filters": {"executed_lines": [], "summary": {"covered_lines": 0, "num_statements": 13, "percent_covered": 0.0, "percent_covered_display": "0", "missing_lines": 13, "excluded_lines": 0}, "missing_lines": [387, 389, 390, 392, 393, 395, 396, 398, 399, 400, 405, 409, 410], "excluded_lines": []}, "PreprocessingRuleRepository.increment_usage_count": {"executed_lines": [], "summary": {"covered_lines": 0, "num_statements": 1, "percent_covered": 0.0, "percent_covered_display": "0", "missing_lines": 1, "excluded_lines": 0}, "missing_lines": [425], "excluded_lines": []}, "PreprocessingTaskRepository.__init__": {"executed_lines": [], "summary": {"covered_lines": 0, "num_statements": 1, "percent_covered": 0.0, "percent_covered_display": "0", "missing_lines": 1, "excluded_lines": 0}, "missing_lines": [439], "excluded_lines": []}, "PreprocessingTaskRepository.get_by_user": {"executed_lines": [], "summary": {"covered_lines": 0, "num_statements": 6, "percent_covered": 0.0, "percent_covered_display": "0", "missing_lines": 6, "excluded_lines": 0}, "missing_lines": [466, 471, 472, 474, 476, 477], "excluded_lines": []}, "PreprocessingTaskRepository.get_active_tasks": {"executed_lines": [], "summary": {"covered_lines": 0, "num_statements": 7, "percent_covered": 0.0, "percent_covered_display": "0", "missing_lines": 7, "excluded_lines": 0}, "missing_lines": [499, 504, 509, 510, 512, 514, 515], "excluded_lines": []}, "PreprocessingTaskRepository.get_by_status": {"executed_lines": [], "summary": {"covered_lines": 0, "num_statements": 3, "percent_covered": 0.0, "percent_covered_display": "0", "missing_lines": 3, "excluded_lines": 0}, "missing_lines": [537, 542, 543], "excluded_lines": []}, "PreprocessingTaskRepository.get_by_dataset": {"executed_lines": [], "summary": {"covered_lines": 0, "num_statements": 3, "percent_covered": 0.0, "percent_covered_display": "0", "missing_lines": 3, "excluded_lines": 0}, "missing_lines": [565, 570, 571], "excluded_lines": []}, "PreprocessingTaskRepository.get_by_rule": {"executed_lines": [], "summary": {"covered_lines": 0, "num_statements": 3, "percent_covered": 0.0, "percent_covered_display": "0", "missing_lines": 3, "excluded_lines": 0}, "missing_lines": [593, 598, 599], "excluded_lines": []}, "PreprocessingTaskRepository.count_by_status": {"executed_lines": [], "summary": {"covered_lines": 0, "num_statements": 1, "percent_covered": 0.0, "percent_covered_display": "0", "missing_lines": 1, "excluded_lines": 0}, "missing_lines": [614], "excluded_lines": []}, "PreprocessingTaskRepository.get_task_statistics": {"executed_lines": [], "summary": {"covered_lines": 0, "num_statements": 6, "percent_covered": 0.0, "percent_covered_display": "0", "missing_lines": 6, "excluded_lines": 0}, "missing_lines": [636, 656, 657, 659, 660, 662], "excluded_lines": []}, "": {"executed_lines": [1, 8, 9, 10, 12, 13, 21, 22, 31, 34, 76, 96, 150, 184, 204, 250, 285, 330, 357, 412, 428, 429, 438, 441, 479, 517, 545, 573, 601, 616], "summary": {"covered_lines": 27, "num_statements": 27, "percent_covered": 100.0, "percent_covered_display": "100", "missing_lines": 0, "excluded_lines": 0}, "missing_lines": [], "excluded_lines": []}}, "classes": {"PreprocessingRuleRepository": {"executed_lines": [], "summary": {"covered_lines": 0, "num_statements": 68, "percent_covered": 0.0, "percent_covered_display": "0", "missing_lines": 68, "excluded_lines": 0}, "missing_lines": [32, 59, 65, 66, 68, 73, 74, 91, 124, 130, 132, 135, 137, 138, 140, 142, 147, 148, 168, 173, 174, 176, 181, 182, 197, 198, 199, 200, 201, 202, 226, 228, 237, 238, 242, 247, 248, 272, 277, 278, 280, 282, 283, 309, 314, 315, 317, 318, 322, 327, 328, 348, 354, 355, 387, 389, 390, 392, 393, 395, 396, 398, 399, 400, 405, 409, 410, 425], "excluded_lines": []}, "PreprocessingTaskRepository": {"executed_lines": [], "summary": {"covered_lines": 0, "num_statements": 30, "percent_covered": 0.0, "percent_covered_display": "0", "missing_lines": 30, "excluded_lines": 0}, "missing_lines": [439, 466, 471, 472, 474, 476, 477, 499, 504, 509, 510, 512, 514, 515, 537, 542, 543, 565, 570, 571, 593, 598, 599, 614, 636, 656, 657, 659, 660, 662], "excluded_lines": []}, "": {"executed_lines": [1, 8, 9, 10, 12, 13, 21, 22, 31, 34, 76, 96, 150, 184, 204, 250, 285, 330, 357, 412, 428, 429, 438, 441, 479, 517, 545, 573, 601, 616], "summary": {"covered_lines": 27, "num_statements": 27, "percent_covered": 100.0, "percent_covered_display": "100", "missing_lines": 0, "excluded_lines": 0}, "missing_lines": [], "excluded_lines": []}}}, "app/database/repositories/strategy_instance.py": {"executed_lines": [1, 12, 13, 14, 16, 17, 20, 21, 23, 26, 64, 97, 121, 146, 170, 201, 245], "summary": {"covered_lines": 15, "num_statements": 53, "percent_covered": 28.30188679245283, "percent_covered_display": "28", "missing_lines": 38, "excluded_lines": 0}, "missing_lines": [24, 45, 50, 51, 53, 61, 62, 81, 94, 95, 107, 118, 119, 131, 143, 144, 156, 167, 168, 185, 198, 199, 222, 228, 229, 231, 232, 234, 242, 243, 262, 268, 269, 271, 272, 274, 280, 281], "excluded_lines": [], "functions": {"StrategyInstanceRepository.__init__": {"executed_lines": [], "summary": {"covered_lines": 0, "num_statements": 1, "percent_covered": 0.0, "percent_covered_display": "0", "missing_lines": 1, "excluded_lines": 0}, "missing_lines": [24], "excluded_lines": []}, "StrategyInstanceRepository.get_by_user": {"executed_lines": [], "summary": {"covered_lines": 0, "num_statements": 6, "percent_covered": 0.0, "percent_covered_display": "0", "missing_lines": 6, "excluded_lines": 0}, "missing_lines": [45, 50, 51, 53, 61, 62], "excluded_lines": []}, "StrategyInstanceRepository.get_by_template": {"executed_lines": [], "summary": {"covered_lines": 0, "num_statements": 3, "percent_covered": 0.0, "percent_covered_display": "0", "missing_lines": 3, "excluded_lines": 0}, "missing_lines": [81, 94, 95], "excluded_lines": []}, "StrategyInstanceRepository.get_versions": {"executed_lines": [], "summary": {"covered_lines": 0, "num_statements": 3, "percent_covered": 0.0, "percent_covered_display": "0", "missing_lines": 3, "excluded_lines": 0}, "missing_lines": [107, 118, 119], "excluded_lines": []}, "StrategyInstanceRepository.get_latest_version": {"executed_lines": [], "summary": {"covered_lines": 0, "num_statements": 3, "percent_covered": 0.0, "percent_covered_display": "0", "missing_lines": 3, "excluded_lines": 0}, "missing_lines": [131, 143, 144], "excluded_lines": []}, "StrategyInstanceRepository.count_versions": {"executed_lines": [], "summary": {"covered_lines": 0, "num_statements": 3, "percent_covered": 0.0, "percent_covered_display": "0", "missing_lines": 3, "excluded_lines": 0}, "missing_lines": [156, 167, 168], "excluded_lines": []}, "StrategyInstanceRepository.get_active_strategies": {"executed_lines": [], "summary": {"covered_lines": 0, "num_statements": 3, "percent_covered": 0.0, "percent_covered_display": "0", "missing_lines": 3, "excluded_lines": 0}, "missing_lines": [185, 198, 199], "excluded_lines": []}, "StrategyInstanceRepository.list_by_user": {"executed_lines": [], "summary": {"covered_lines": 0, "num_statements": 8, "percent_covered": 0.0, "percent_covered_display": "0", "missing_lines": 8, "excluded_lines": 0}, "missing_lines": [222, 228, 229, 231, 232, 234, 242, 243], "excluded_lines": []}, "StrategyInstanceRepository.count_by_user": {"executed_lines": [], "summary": {"covered_lines": 0, "num_statements": 8, "percent_covered": 0.0, "percent_covered_display": "0", "missing_lines": 8, "excluded_lines": 0}, "missing_lines": [262, 268, 269, 271, 272, 274, 280, 281], "excluded_lines": []}, "": {"executed_lines": [1, 12, 13, 14, 16, 17, 20, 21, 23, 26, 64, 97, 121, 146, 17
[...]
": 0, "num_statements": 1, "percent_covered": 0.0, "percent_covered_display": "0", "missing_lines": 1, "excluded_lines": 0}, "missing_lines": [23], "excluded_lines": []}, "TemplateRatingRepository.get_by_template": {"executed_lines": [], "summary": {"covered_lines": 0, "num_statements": 3, "percent_covered": 0.0, "percent_covered_display": "0", "missing_lines": 3, "excluded_lines": 0}, "missing_lines": [42, 55, 56], "excluded_lines": []}, "TemplateRatingRepository.get_user_rating": {"executed_lines": [], "summary": {"covered_lines": 0, "num_statements": 3, "percent_covered": 0.0, "percent_covered_display": "0", "missing_lines": 3, "excluded_lines": 0}, "missing_lines": [73, 84, 85], "excluded_lines": []}, "TemplateRatingRepository.upsert_rating": {"executed_lines": [], "summary": {"covered_lines": 0, "num_statements": 12, "percent_covered": 0.0, "percent_covered_display": "0", "missing_lines": 12, "excluded_lines": 0}, "missing_lines": [110, 112, 114, 115, 116, 118, 119, 122, 127, 128, 130, 131], "excluded_lines": []}, "": {"executed_lines": [1, 11, 12, 13, 15, 16, 19, 20, 22, 25, 58, 87], "summary": {"covered_lines": 10, "num_statements": 10, "percent_covered": 100.0, "percent_covered_display": "100", "missing_lines": 0, "excluded_lines": 0}, "missing_lines": [], "excluded_lines": []}}, "classes": {"TemplateRatingRepository": {"executed_lines": [], "summary": {"covered_lines": 0, "num_statements": 19, "percent_covered": 0.0, "percent_covered_display": "0", "missing_lines": 19, "excluded_lines": 0}, "missing_lines": [23, 42, 55, 56, 73, 84, 85, 110, 112, 114, 115, 116, 118, 119, 122, 127, 128, 130, 131], "excluded_lines": []}, "": {"executed_lines": [1, 11, 12, 13, 15, 16, 19, 20, 22, 25, 58, 87], "summary": {"covered_lines": 10, "num_statements": 10, "percent_covered": 100.0, "percent_covered_display": "100", "missing_lines": 0, "excluded_lines": 0}, "missing_lines": [], "excluded_lines": []}}}, "app/database/repositories/user_factor_library_repository.py": {"executed_lines": [], "summary": {"covered_lines": 0, "num_statements": 73, "percent_covered": 0.0, "percent_covered_display": "0", "missing_lines": 73, "excluded_lines": 0}, "missing_lines": [8, 9, 11, 12, 13, 15, 16, 19, 30, 32, 34, 43, 45, 50, 51, 53, 54, 56, 60, 61, 63, 70, 77, 84, 85, 87, 92, 93, 94, 95, 96, 97, 99, 106, 108, 113, 114, 115, 117, 118, 119, 120, 122, 127, 128, 129, 131, 132, 133, 134, 136, 142, 147, 148, 150, 152, 153, 155, 161, 163, 169, 171, 181, 182, 184, 201, 206, 207, 209, 210, 212, 214, 215], "excluded_lines": [], "functions": {"UserFactorLibraryRepository.__init__": {"executed_lines": [], "summary": {"covered_lines": 0, "num_statements": 1, "percent_covered": 0.0, "percent_covered_display": "0", "missing_lines": 1, "excluded_lines": 0}, "missing_lines": [32], "excluded_lines": []}, "UserFactorLibraryRepository.get_user_library": {"executed_lines": [], "summary": {"covered_lines": 0, "num_statements": 9, "percent_covered": 0.0, "percent_covered_display": "0", "missing_lines": 9, "excluded_lines": 0}, "missing_lines": [43, 45, 50, 51, 53, 54, 56, 60, 61], "excluded_lines": []}, "UserFactorLibraryRepository.get_favorites": {"executed_lines": [], "summary": {"covered_lines": 0, "num_statements": 1, "percent_covered": 0.0, "percent_covered_display": "0", "missing_lines": 1, "excluded_lines": 0}, "missing_lines": [70], "excluded_lines": []}, "UserFactorLibraryRepository.add_to_library": {"executed_lines": [], "summary": {"covered_lines": 0, "num_statements": 11, "percent_covered": 0.0, "percent_covered_display": "0", "missing_lines": 11, "excluded_lines": 0}, "missing_lines": [84, 85, 87, 92, 93, 94, 95, 96, 97, 99, 106], "excluded_lines": []}, "UserFactorLibraryRepository.toggle_favorite": {"executed_lines": [], "summary": {"covered_lines": 0, "num_statements": 7, "percent_covered": 0.0, "percent_covered_display": "0", "missing_lines": 7, "excluded_lines": 0}, "missing_lines": [113, 114, 115, 117, 118, 119, 120], "excluded_lines": []}, "UserFactorLibraryRepository.increment_usage_count": {"executed_lines": [], "summary": {"covered_lines": 0, "num_statements": 7, "percent_covered": 0.0, "percent_covered_display": "0", "missing_lines": 7, "excluded_lines": 0}, "missing_lines": [127, 128, 129, 131, 132, 133, 134], "excluded_lines": []}, "UserFactorLibraryRepository.find_library_item": {"executed_lines": [], "summary": {"covered_lines": 0, "num_statements": 6, "percent_covered": 0.0, "percent_covered_display": "0", "missing_lines": 6, "excluded_lines": 0}, "missing_lines": [142, 147, 148, 150, 152, 153], "excluded_lines": []}, "UserFactorLibraryRepository.remove_from_library": {"executed_lines": [], "summary": {"covered_lines": 0, "num_statements": 1, "percent_covered": 0.0, "percent_covered_display": "0", "missing_lines": 1, "excluded_lines": 0}, "missing_lines": [161], "excluded_lines": []}, "UserFactorLibraryRepository.get_most_used": {"executed_lines": [], "summary": {"covered_lines": 0, "num_statements": 4, "percent_covered": 0.0, "percent_covered_display": "0", "missing_lines": 4, "excluded_lines": 0}, "missing_lines": [169, 171, 181, 182], "excluded_lines": []}, "UserFactorLibraryRepository.count_user_library": {"executed_lines": [], "summary": {"covered_lines": 0, "num_statements": 8, "percent_covered": 0.0, "percent_covered_display": "0", "missing_lines": 8, "excluded_lines": 0}, "missing_lines": [201, 206, 207, 209, 210, 212, 214, 215], "excluded_lines": []}, "": {"executed_lines": [], "summary": {"covered_lines": 0, "num_statements": 18, "percent_covered": 0.0, "percent_covered_display": "0", "missing_lines": 18, "excluded_lines": 0}, "missing_lines": [8, 9, 11, 12, 13, 15, 16, 19, 30, 34, 63, 77, 108, 122, 136, 155, 163, 184], "excluded_lines": []}}, "classes": {"UserFactorLibraryRepository": {"executed_lines": [], "summary": {"covered_lines": 0, "num_statements": 55, "percent_covered": 0.0, "percent_covered_display": "0", "missing_lines": 55, "excluded_lines": 0}, "missing_lines": [32, 43, 45, 50, 51, 53, 54, 56, 60, 61, 70, 84, 85, 87, 92, 93, 94, 95, 96, 97, 99, 106, 113, 114, 115, 117, 118, 119, 120, 127, 128, 129, 131, 132, 133, 134, 142, 147, 148, 150, 152, 153, 161, 169, 171, 181, 182, 201, 206, 207, 209, 210, 212, 214, 215], "excluded_lines": []}, "": {"executed_lines": [], "summary": {"covered_lines": 0, "num_statements": 18, "percent_covered": 0.0, "percent_covered_display": "0", "missing_lines": 18, "excluded_lines": 0}, "missing_lines": [8, 9, 11, 12, 13, 15, 16, 19, 30, 34, 63, 77, 108, 122, 136, 155, 163, 184], "excluded_lines": []}}}, "app/database/repositories/user_preferences.py": {"executed_lines": [1, 8, 10, 11, 12, 14, 15, 18, 19, 29, 38, 64, 101, 138, 172, 206, 238, 279, 320, 345, 391, 422], "summary": {"covered_lines": 20, "num_statements": 133, "percent_covered": 15.037593984962406, "percent_covered_display": "15", "missing_lines": 113, "excluded_lines": 0}, "missing_lines": [36, 56, 58, 59, 61, 62, 88, 89, 90, 93, 94, 95, 97, 98, 99, 121, 122, 123, 124, 127, 129, 131, 132, 133, 135, 136, 158, 159, 160, 161, 163, 165, 166, 167, 169, 170, 192, 193, 194, 195, 197, 199, 200, 201, 203, 204, 224, 225, 226, 227, 229, 231, 232, 233, 235, 236, 258, 259, 260, 261, 264, 267, 268, 269, 271, 272, 273, 275, 277, 299, 300, 301, 302, 305, 308, 309, 310, 312, 313, 314, 316, 318, 338, 339, 340, 342, 343, 370, 371, 372, 373, 375, 377, 378, 379, 382, 384, 385, 386, 388, 389, 415, 416, 417, 419, 420, 444, 446, 448, 449, 451, 453, 454], "excluded_lines": [], "functions": {"UserPreferencesRepository.__init__": {"executed_lines": [], "summary": {"covered_lines": 0, "num_statements": 1, "percent_covered": 0.0, "percent_covered_display": "0", "missing_lines": 1, "excluded_lines": 0}, "missing_lines": [36], "excluded_lines": []}, "UserPreferencesRepository.get_by_user_id": {"executed_lines": [], "summary": {"covered_lines": 0, "num_statements": 5, "percent_covered": 0.0, "percent_covered_display": "0", "missing_lines": 5, "excluded_lines": 0}, "missing_lines": [56, 58, 59, 61, 62], "excluded_lines": []}, "UserPreferencesRepository.get_or_create": {"executed_lines": [], "summary": {"covered_lines": 0, "num_statements": 9, "percent_covered": 0.0, "percent_covered_display": "0", "missing_lines": 9, "excluded_lines": 0}, "missing_lines": [88, 89, 90, 93, 94, 95, 97, 98, 99], "excluded_lines": []}, "UserPreferencesRepository.update_mode": {"executed_lines": [], "summary": {"covered_lines": 0, "num_statements": 11, "percent_covered": 0.0, "percent_covered_display": "0", "missing_lines": 11, "excluded_lines": 0}, "missing_lines": [121, 122, 123, 124, 127, 129, 131, 132, 133, 135, 136], "excluded_lines": []}, "UserPreferencesRepository.update_language": {"executed_lines": [], "summary": {"covered_lines": 0, "num_statements": 10, "percent_covered": 0.0, "percent_covered_display": "0", "missing_lines": 10, "excluded_lines": 0}, "missing_lines": [158, 159, 160, 161, 163, 165, 166, 167, 169, 170], "excluded_lines": []}, "UserPreferencesRepository.update_theme": {"executed_lines": [], "summary": {"covered_lines": 0, "num_statements": 10, "percent_covered": 0.0, "percent_covered_display": "0", "missing_lines": 10, "excluded_lines": 0}, "missing_lines": [192, 193, 194, 195, 197, 199, 200, 201, 203, 204], "excluded_lines": []}, "UserPreferencesRepository.toggle_tooltips": {"executed_lines": [], "summary": {"covered_lines": 0, "num_statements": 10, "percent_covered": 0.0, "percent_covered_display": "0", "missing_lines": 10, "excluded_lines": 0}, "missing_lines": [224, 225, 226, 227, 229, 231, 232, 233, 235, 236], "excluded_lines": []}, "UserPreferencesRepository.add_completed_guide": {"executed_lines": [], "summary": {"covered_lines": 0, "num_statements": 13, "percent_covered": 0.0, "percent_covered_display": "0", "missing_lines": 13, "excluded_lines": 0}, "missing_lines": [258, 259, 260, 261, 264, 267, 268, 269, 271, 272, 273, 275, 277], "excluded_lines": []}, "UserPreferencesRepository.remove_completed_guide": {"executed_lines": [], "summary": {"covered_lines": 0, "num_statements": 13, "percent_covered": 0.0, "percent_covered_display": "0", "missing_lines": 13, "excluded_lines": 0}, "missing_lines": [299, 300, 301, 302, 305, 308, 309, 310, 312, 313, 314, 316, 318], "excluded_lines": []}, "UserPreferencesRepository.has_completed_guide": {"executed_lines": [], "summary": {"covered_lines": 0, "num_statements": 5, "percent_covered": 0.0, "percent_covered_display": "0", "missing_lines": 5, "excluded_lines": 0}, "missing_lines": [338, 339, 340, 342, 343], "excluded_lines": []}, "UserPreferencesRepository.update_settings": {"executed_lines": [], "summary": {"covered_lines": 0, "num_statements": 14, "percent_covered": 0.0, "percent_covered_display": "0", "missing_lines": 14, "excluded_lines": 0}, "missing_lines": [370, 371, 372, 373, 375, 377, 378, 379, 382, 384, 385, 386, 388, 389], "excluded_lines": []}, "UserPreferencesRepository.get_setting": {"executed_lines": [], "summary": {"covered_lines": 0, "num_statements": 5, "percent_covered": 0.0, "percent_covered_display": "0", "missing_lines": 5, "excluded_lines": 0}, "missing_lines": [415, 416, 417, 419, 420], "excluded_lines": []}, "UserPreferencesRepository.get_all_by_mode": {"executed_lines": [], "summary": {"covered_lines": 0, "num_statements": 7, "percent_covered": 0.0, "percent_covered_display": "0", "missing_lines": 7, "excluded_lines": 0}, "missing_lines": [444, 446, 448, 449, 451, 453, 454], "excluded_lines": []}, "": {"executed_lines": [1, 8, 10, 11, 12, 14, 15, 18, 19, 29, 38, 64, 101, 138, 172, 206, 238, 279, 320, 345, 391, 422], "summary": {"covered_lines": 20, "num_statements": 20, "percent_covered": 100.0, "percent_covered_display": "100", "missing_lines": 0, "excluded_lines": 0}, "missing_lines": [], "excluded_lines": []}}, "classes": {"UserPreferencesRepository": {"executed_lines": [], "summary": {"covered_lines": 0, "num_statements": 113, "percent_covered": 0.0, "percent_covered_display": "0", "missing_lines": 113, "excluded_lines": 0}, "missing_lines": [36, 56, 58, 59, 61, 62, 88, 89, 90, 93, 94, 95, 97, 98, 99, 121, 122, 123, 124, 127, 129, 131, 132, 133, 135, 136, 158, 159, 160, 161, 163, 165, 166, 167, 169, 170, 192, 193, 194, 195, 197, 199, 200, 201, 203, 204, 224, 225, 226, 227, 229, 231, 232, 233, 235, 236, 258, 259, 260, 261, 264, 267, 268, 269, 271, 272, 273, 275, 277, 299, 300, 301, 302, 305, 308, 309, 310, 312, 313, 314, 316, 318, 338, 339, 340, 342, 343, 370, 371, 372, 373, 375, 377, 378, 379, 382, 384, 385, 386, 388, 389, 415, 416, 417, 419, 420, 444, 446, 448, 449, 451, 453, 454], "excluded_lines": []}, "": {"executed_lines": [1, 8, 10, 11, 12, 14, 15, 18, 19, 29, 38, 64, 101, 138, 172, 206, 238, 279, 320, 345, 391, 422], "summary": {"covered_lines": 20, "num_statements": 20, "percent_covered": 100.0, "percent_covered_display": "100", "missing_lines": 0, "excluded_lines": 0}, "missing_lines": [], "excluded_lines": []}}}, "app/database/session.py": {"executed_lines": [1, 8, 9, 10, 12, 13, 19, 21, 22, 25, 26, 37, 44, 45, 46, 48, 87, 103, 104, 134, 151, 167, 168, 178, 182, 183, 186, 210], "summary": {"covered_lines": 26, "num_statements": 78, "percent_covered": 33.333333333333336, "percent_covered_display": "33", "missing_lines": 52, "excluded_lines": 2}, "missing_lines": [54, 55, 56, 59, 60, 61, 62, 65, 77, 85, 93, 94, 95, 97, 98, 99, 100, 101, 119, 120, 124, 125, 126, 127, 128, 129, 130, 132, 141, 142, 146, 147, 148, 149, 157, 158, 162, 163, 164, 165, 170, 171, 174, 199, 200, 202, 203, 204, 205, 207, 223, 224], "excluded_lines": [105, 211], "functions": {"DatabaseSessionManager.__init__": {"executed_lines": [44, 45, 46], "summary": {"covered_lines": 3, "num_statements": 3, "percent_covered": 100.0, "percent_covered_display": "100", "missing_lines": 0, "excluded_lines": 0}, "missing_lines": [], "excluded_lines": []}, "DatabaseSessionManager.init": {"executed_lines": [], "summary": {"covered_lines": 0, "num_statements": 10, "percent_covered": 0.0, "percent_covered_display": "0", "missing_lines": 10, "excluded_lines": 0}, "missing_lines": [54, 55, 56, 59, 60, 61, 62, 65, 77, 85], "excluded_lines": []}, "DatabaseSessionManager.close": {"executed_lines": [], "summary": {"covered_lines": 0, "num_statements": 8, "percent_covered": 0.0, "percent_covered_display": "0", "missing_lines": 8, "excluded_lines": 0}, "missing_lines": [93, 94, 95, 97, 98, 99, 100, 101], "excluded_lines": []}, "DatabaseSessionManager.session": {"executed_lines": [], "summary": {"covered_lines": 0, "num_statements": 10, "percent_covered": 0.0, "percent_covered_display": "0", "missing_lines": 10, "excluded_lines": 1}, "missing_lines": [119, 120, 124, 125, 126, 127, 128, 129, 130, 132], "excluded_lines": [105]}, "DatabaseSessionManager.create_all": {"executed_lines": [], "summary": {"covered_lines": 0, "num_statements": 6, "percent_covered": 0.0, "percent_covered_display": "0", "missing_lines": 6, "excluded_lines": 0}, "missing_lines": [141, 142, 146, 147, 148, 149], "excluded_lines": []}, "DatabaseSessionManager.drop_all": {"executed_lines": [], "summary": {"covered_lines": 0, "num_statements": 6, "percent_covered": 0.0, "percent_covered_display": "0", "missing_lines": 6, "excluded_lines": 0}, "missing_lines": [157, 158, 162, 163, 164, 165], "excluded_lines": []}, "DatabaseSessionManager.engine": {"executed_lines": [], "summary": {"covered_lines": 0, "num_statements": 3, "percent_covered": 0.0, "percent_covered_display": "0", "missing_lines": 3, "excluded_lines": 0}, "missing_lines": [170, 171, 174], "excluded_lines": []}, "init_session_maker": {"executed_lines": [], "summary": {"covered_lines": 0, "num_statements": 7, "percent_covered": 0.0, "percent_covered_display": "0", "missing_lines": 7, "excluded_lines": 0}, "missing_lines": [199, 200, 202, 203, 204, 205, 207], "excluded_lines": []}, "get_db": {"executed_lines": [], "summary": {"covered_lines": 0, "num_statements": 2, "percent_covered": 0.0, "percent_covered_display": "0", "missing_lines": 2, "excluded_lines": 1}, "missing_lines": [223, 224], "excluded_lines": [211]}, "": {"executed_lines": [1, 8, 9, 10, 12, 13, 19, 21, 22, 25, 26, 37, 48, 87, 103, 104, 134, 151, 167, 168, 178, 182, 183, 186, 210], "summary": {"covered_lines": 23, "num_statements": 23, "percent_covered": 100.0, "percent_covered_display": "100", "missing_lines": 0, "excluded_lines": 0}, "missing_lines": [], "excluded_lines": []}}, "classes": {"DatabaseSessionManager": {"executed_lines": [44, 45, 46], "summary": {"covered_lines": 3, "num_statements": 46, "percent_covered": 6.521739130434782, "percent_covered_display": "7", "missing_lines": 43, "excluded_lines": 1}, "missing_lines": [54, 55, 56, 59, 60, 61, 62, 65, 77, 85, 93, 94, 95, 97, 98, 99, 100, 101, 119, 120, 124, 125, 126, 127, 128, 129, 130, 132, 141, 142, 146, 147, 148, 149, 157, 158, 162, 163, 164, 165, 170, 171, 174], "excluded_lines": [105]}, "": {"executed_lines": [1, 8, 9, 10, 12, 13, 19, 21, 22, 25, 26, 37, 48, 87, 103, 104, 134, 151, 167, 168, 178, 182, 183, 186, 210], "summary": {"covered_lines": 23, "num_statements": 32, "percent_covered": 71.875, "percent_covered_display": "72", "missing_lines": 9, "excluded_lines": 1}, "missing_lines": [199, 200, 202, 203, 204, 205, 207, 223, 224], "excluded_lines": [211]}}}, "app/main.py": {"executed_lines": [], "summary": {"covered_lines": 0, "num_statements": 74, "percent_covered": 0.0, "percent_covered_display": "0", "missing_lines": 74, "excluded_lines": 0}, "missing_lines": [5, 6, 7, 8, 10, 11, 12, 13, 14, 17, 20, 21, 25, 26, 29, 35, 38, 39, 44, 47, 48, 49, 50, 51, 52, 53, 56, 57, 59, 70, 71, 72, 73, 76, 77, 78, 79, 80, 81, 82, 83, 85, 86, 89, 99, 102, 108, 109, 110, 111, 112, 114, 121, 129, 137, 140, 149, 152, 153, 154, 155, 156, 157, 158, 161, 162, 164, 165, 168, 169, 171, 174, 175, 182], "excluded_lines": [], "functions": {"lifespan": {"executed_lines": [], "summary": {"covered_lines": 0, "num_statements": 34, "percent_covered": 0.0, "percent_covered_display": "0", "missing_lines": 34, "excluded_lines": 0}, "missing_lines": [44, 47, 48, 49, 50, 51, 52, 53, 56, 57, 59, 70, 71, 72, 73, 76, 77, 78, 79, 80, 81, 82, 83, 85, 86, 89, 99, 102, 108, 109, 110, 111, 112, 114], "excluded_lines": []}, "root": {"executed_lines": [], "summary": {"covered_lines": 0, "num_statements": 2, "percent_covered": 0.0, "percent_covered_display": "0", "missing_lines": 2, "excluded_lines": 0}, "missing_lines": [164, 165], "excluded_lines": []}, "health_check": {"executed_lines": [], "summary": {"covered_lines": 0, "num_statements": 1, "percent_covered": 0.0, "percent_covered_display": "0", "missing_lines": 1, "excluded_lines": 0}, "missing_lines": [171], "excluded_lines": []}, "readiness_check": {"executed_lines": [], "summary": {"covered_lines": 0, "num_statements": 1, "percent_covered": 0.0, "percent_covered_display": "0", "missing_lines": 1, "excluded_lines": 0}, "missing_lines": [182], "excluded_lines": []}, "": {"executed_lines": [], "summary": {"covered_lines": 0, "num_statements": 36, "percent_covered": 0.0, "percent_covered_display": "0", "missing_lines": 36, "excluded_lines": 0}, "missing_lines": [5, 6, 7, 8, 10, 11, 12, 13, 14, 17, 20, 21, 25, 26, 29, 35, 38, 39, 121, 129, 137, 140, 149, 152, 153, 154, 155, 156, 157, 158, 161, 162, 168, 169, 174, 175], "excluded_lines": []}}, "classes": {"": {"executed_lines": [], "summary": {"covered_lines": 0, "num_statements": 74, "percent_covered": 0.0, "percent_covered_display": "0", "missing_lines": 74, "excluded_lines": 0}, "missing_lines": [5, 6, 7, 8, 10, 11, 12, 13, 14, 17, 20, 21, 25, 26, 29, 35, 38, 39, 44, 47, 48, 49, 50, 51, 52, 53, 56, 57, 59, 70, 71, 72, 73, 76, 77, 78, 79, 80, 81, 82, 83, 85, 86, 89, 99, 102, 108, 109, 110, 111, 112, 114, 121, 129, 137, 140, 149, 152, 153, 154, 155, 156, 157, 158, 161, 162, 164, 165, 168, 169, 171, 174, 175, 182], "excluded_lines": []}}}}, "totals": {"covered_lines": 759, "num_statements": 1781, "percent_covered": 42.61650758001123, "percent_covered_display": "43", "missing_lines": 1022, "excluded_lines": 10}}