{"meta": {"format": 3, "version": "7.10.7", "timestamp": "2025-11-08T22:55:19.382644", "branch_coverage": false, "show_contexts": false}, "files": {"app/database/repositories/preprocessing.py": {"executed_lines": [1, 8, 9, 10, 12, 13, 21, 22, 31, 32, 34, 59, 65, 68, 73, 74, 76, 91, 96, 124, 130, 135, 138, 140, 142, 147, 148, 150, 168, 173, 176, 181, 182, 184, 197, 198, 199, 200, 201, 202, 204, 226, 228, 237, 242, 247, 248, 250, 272, 277, 280, 282, 283, 285, 309, 314, 315, 317, 322, 327, 328, 330, 357, 412, 428, 429, 438, 439, 441, 479, 499, 504, 509, 512, 514, 515, 517, 537, 542, 543, 545, 565, 570, 571, 573, 593, 598, 599, 601, 614, 616, 636, 656, 659], "summary": {"covered_lines": 91, "num_statements": 125, "percent_covered": 72.8, "percent_covered_display": "73", "missing_lines": 34, "excluded_lines": 0}, "missing_lines": [66, 132, 137, 174, 238, 278, 318, 348, 354, 355, 387, 389, 390, 392, 393, 395, 396, 398, 399, 400, 405, 409, 410, 425, 466, 471, 472, 474, 476, 477, 510, 657, 660, 662], "excluded_lines": [], "functions": {"PreprocessingRuleRepository.__init__": {"executed_lines": [32], "summary": {"covered_lines": 1, "num_statements": 1, "percent_covered": 100.0, "percent_covered_display": "100", "missing_lines": 0, "excluded_lines": 0}, "missing_lines": [], "excluded_lines": []}, "PreprocessingRuleRepository.get_user_templates": {"executed_lines": [59, 65, 68, 73, 74], "summary": {"covered_lines": 5, "num_statements": 6, "percent_covered": 83.33333333333333, "percent_covered_display": "83", "missing_lines": 1, "excluded_lines": 0}, "missing_lines": [66], "excluded_lines": []}, "PreprocessingRuleRepository.count_user_templates": {"executed_lines": [91], "summary": {"covered_lines": 1, "num_statements": 1, "percent_covered": 100.0, "percent_covered_display": "100", "missing_lines": 0, "excluded_lines": 0}, "missing_lines": [], "excluded_lines": []}, "PreprocessingRuleRepository.get_by_type": {"executed_lines": [124, 130, 135, 138, 140, 142, 147, 148], "summary": {"covered_lines": 8, "num_statements": 10, "percent_covered": 80.0, "percent_covered_display": "80", "missing_lines": 2, "excluded_lines": 0}, "missing_lines": [132, 137], "excluded_lines": []}, "PreprocessingRuleRepository.get_popular_templates": {"executed_lines": [168, 173, 176, 181, 182], "summary": {"covered_lines": 5, "num_statements": 6, "percent_covered": 83.33333333333333, "percent_covered_display": "83", "missing_lines": 1, "excluded_lines": 0}, "missing_lines": [174], "excluded_lines": []}, "PreprocessingRuleRepository.increment_usage": {"executed_lines": [197, 198, 199, 200, 201, 202], "summary": {"covered_lines": 6, "num_statements": 6, "percent_covered": 100.0, "percent_covered_display": "100", "missing_lines": 0, "excluded_lines": 0}, "missing_lines": [], "excluded_lines": []}, "PreprocessingRuleRepository.search_templates": {"executed_lines": [226, 228, 237, 242, 247, 248], "summary": {"covered_lines": 6, "num_statements": 7, "percent_covered": 85.71428571428571, "percent_covered_display": "86", "missing_lines": 1, "excluded_lines": 0}, "missing_lines": [238], "excluded_lines": []}, "PreprocessingRuleRepository.get_by_user": {"executed_lines": [272, 277, 280, 282, 283], "summary": {"covered_lines": 5, "num_statements": 6, "percent_covered": 83.33333333333333, "percent_covered_display": "83", "missing_lines": 1, "excluded_lines": 0}, "missing_lines": [278], "excluded_lines": []}, "PreprocessingRuleRepository.get_templates": {"executed_lines": [309, 314, 315, 317, 322, 327, 328], "summary": {"covered_lines": 7, "num_statements": 8, "percent_covered": 87.5, "percent_covered_display": "88", "missing_lines": 1, "excluded_lines": 0}, "missing_lines": [318], "excluded_lines": []}, "PreprocessingRuleRepository.get_by_user_and_name": {"executed_lines": [], "summary": {"covered_lines": 0, "num_statements": 3, "percent_covered": 0.0, "percent_covered_display": "0", "missing_lines": 3, "excluded_lines": 0}, "missing_lines": [348, 354, 355], "excluded_lines": []}, "PreprocessingRuleRepository.get_with_filters": {"executed_lines": [], "summary": {"covered_lines": 0, "num_statements": 13, "percent_covered": 0.0, "percent_covered_display": "0", "missing_lines": 13, "excluded_lines": 0}, "missing_lines": [387, 389, 390, 392, 393, 395, 396, 398, 399, 400, 405, 409, 410], "excluded_lines": []}, "PreprocessingRuleRepository.increment_usage_count": {"executed_lines": [], "summary": {"covered_lines": 0, "num_statements": 1, "percent_covered": 0.0, "percent_covered_display": "0", "missing_lines": 1, "excluded_lines": 0}, "missing_lines": [425], "excluded_lines": []}, "PreprocessingTaskRepository.__init__": {"executed_lines": [439], "summary": {"covered_lines": 1, "num_statements": 1, "percent_covered": 100.0, "percent_covered_display": "100", "missing_lines": 0, "excluded_lines": 0}, "missing_lines": [], "excluded_lines": []}, "PreprocessingTaskRepository.get_by_user": {"executed_lines": [], "summary": {"covered_lines": 0, "num_statements": 6, "percent_covered": 0.0, "percent_covered_display": "0", "missing_lines": 6, "excluded_lines": 0}, "missing_lines": [466, 471, 472, 474, 476, 477], "excluded_lines": []}, "PreprocessingTaskRepository.get_active_tasks": {"executed_lines": [499, 504, 509, 512, 514, 515], "summary": {"covered_lines": 6, "num_statements": 7, "percent_covered": 85.71428571428571, "percent_covered_display": "86", "missing_lines": 1, "excluded_lines": 0}, "missing_lines": [510], "excluded_lines": []}, "PreprocessingTaskRepository.get_by_status": {"executed_lines": [537, 542, 543], "summary": {"covered_lines": 3, "num_statements": 3, "percent_covered": 100.0, "percent_covered_display": "100", "missing_lines": 0, "excluded_lines": 0}, "missing_lines": [], "excluded_lines": []}, "PreprocessingTaskRepository.get_by_dataset": {"executed_lines": [565, 570, 571], "summary": {"covered_lines": 3, "num_statements": 3, "percent_covered": 100.0, "percent_covered_display": "100", "missing_lines": 0, "excluded_lines": 0}, "missing_lines": [], "excluded_lines": []}, "PreprocessingTaskRepository.get_by_rule": {"executed_lines": [593, 598, 599], "summary": {"covered_lines": 3, "num_statements": 3, "percent_covered": 100.0, "percent_covered_display": "100", "missing_lines": 0, "excluded_lines": 0}, "missing_lines": [], "excluded_lines": []}, "PreprocessingTaskRepository.count_by_status": {"executed_lines": [614], "summary": {"covered_lines": 1, "num_statements": 1, "percent_covered": 100.0, "percent_covered_display": "100", "missing_lines": 0, "excluded_lines": 0}, "missing_lines": [], "excluded_lines": []}, "PreprocessingTaskRepository.get_task_statistics": {"executed_lines": [636, 656, 659], "summary": {"covered_lines": 3, "num_statements": 6, "percent_covered": 50.0, "percent_covered_display": "50", "missing_lines": 3, "excluded_lines": 0}, "missing_lines": [657, 660, 662], "excluded_lines": []}, "": {"executed_lines": [1, 8, 9, 10, 12, 13, 21, 22, 31, 34, 76, 96, 150, 184, 204, 250, 285, 330, 357, 412, 428, 429, 438, 441, 479, 517, 545, 573, 601, 616], "summary": {"covered_lines": 27, "num_statements": 27, "percent_covered": 100.0, "percent_covered_display": "100", "missing_lines": 0, "excluded_lines": 0}, "missing_lines": [], "excluded_lines": []}}, "classes": {"PreprocessingRuleRepository": {"executed_lines": [32, 59, 65, 68, 73, 74, 91, 124, 130, 135, 138, 140, 142, 147, 148, 168, 173, 176, 181, 182, 197, 198, 199, 200, 201, 202, 226, 228, 237, 242, 247, 248, 272, 277, 280, 282, 283, 309, 314, 315, 317, 322, 327, 328], "summary": {"covered_lines": 44, "num_statements": 68, "percent_covered": 64.70588235294117, "percent_covered_display": "65", "missing_lines": 24, "excluded_lines": 0}, "missing_lines": [66, 132, 137, 174, 238, 278, 318, 348, 354, 355, 387, 389, 390, 392, 393, 395, 396, 398, 399, 400, 405, 409, 410, 425], "excluded_lines": []}, "PreprocessingTaskRepository": {"executed_lines": [439, 499, 504, 509, 512, 514, 515, 537, 542, 543, 565, 570, 571, 593, 598, 599, 614, 636, 656, 659], "summary": {"covered_lines": 20, "num_statements": 30, "percent_covered": 66.66666666666667, "percent_covered_display": "67", "missing_lines": 10, "excluded_lines": 0}, "missing_lines": [466, 471, 472, 474, 476, 477, 510, 657, 660, 662], "excluded_lines": []}, "": {"executed_lines": [1, 8, 9, 10, 12, 13, 21, 22, 31, 34, 76, 96, 150, 184, 204, 250, 285, 330, 357, 412, 428, 429, 438, 441, 479, 517, 545, 573, 601, 616], "summary": {"covered_lines": 27, "num_statements": 27, "percent_covered": 100.0, "percent_covered_display": "100", "missing_lines": 0, "excluded_lines": 0}, "missing_lines": [], "excluded_lines": []}}}}, "totals": {"covered_lines": 91, "num_statements": 125, "percent_covered": 72.8, "percent_covered_display": "73", "missing_lines": 34, "excluded_lines": 0}}